#
# A fatal error has been detected by the Java Runtime Environment:
#
#  EXCEPTION_ACCESS_VIOLATION (0xc0000005) at pc=0x00007ffe3a1a0598, pid=21660, tid=8380
#
# JRE version: OpenJDK Runtime Environment (21.0.2+13) (build 21.0.2+13-58)
# Java VM: OpenJDK 64-Bit Server VM (21.0.2+13-58, mixed mode, sharing, tiered, compressed oops, compressed class ptrs, g1 gc, windows-amd64)
# Problematic frame:
# V  [jvm.dll+0x140598]
#
# No core dump will be written. Minidumps are not enabled by default on client versions of Windows
#
# If you would like to submit a bug report, please visit:
#   https://bugreport.java.com/bugreport/crash.jsp
#

---------------  S U M M A R Y ------------

Command Line: -javaagent:C:\Program Files\JetBrains\IntelliJ IDEA Community Edition 2023.3.3\lib\idea_rt.jar=56115:C:\Program Files\JetBrains\IntelliJ IDEA Community Edition 2023.3.3\bin -Dfile.encoding=UTF-8 -Dsun.stdout.encoding=UTF-8 -Dsun.stderr.encoding=UTF-8 com.geethanjana.User.service.UserServiceApplication

Host: Intel(R) Core(TM) i7-10610U CPU @ 1.80GHz, 8 cores, 15G,  Windows 11 , 64 bit Build 22621 (10.0.22621.3958)
Time: Sat Aug 17 22:19:31 2024 Arabian Standard Time elapsed time: 6.085322 seconds (0d 0h 0m 6s)

---------------  T H R E A D  ---------------

Current thread (0x000002e3e2b24a60):  JavaThread "C2 CompilerThread1" daemon [_thread_in_native, id=8380, stack(0x000000e7edc00000,0x000000e7edd00000) (1024K)]


Current CompileTask:
C2:   6085 6192       4       org.springframework.transaction.annotation.AnnotationTransactionAttributeSource::determineTransactionAttribute (51 bytes)

Stack: [0x000000e7edc00000,0x000000e7edd00000],  sp=0x000000e7edcfcaa0,  free space=1010k
Native frames: (J=compiled Java code, j=interpreted, Vv=VM code, C=native code)
V  [jvm.dll+0x140598]
V  [jvm.dll+0x13fded]
V  [jvm.dll+0x249b81]
V  [jvm.dll+0x2491b1]
V  [jvm.dll+0x1c9634]
V  [jvm.dll+0x258859]
V  [jvm.dll+0x256e3a]
V  [jvm.dll+0x3ef6c6]
V  [jvm.dll+0x7ff568]
V  [jvm.dll+0x6c953d]
C  [ucrtbase.dll+0x29333]
C  [KERNEL32.DLL+0x1257d]
C  [ntdll.dll+0x5af28]


siginfo: EXCEPTION_ACCESS_VIOLATION (0xc0000005), reading address 0x00003ffe3a9f26f8


Registers:
RAX=0x00003ffe3a9f26d8, RBX=0x0000000000000025, RCX=0x000002e3ecd86708, RDX=0x00000000000000ef
RSP=0x000000e7edcfcaa0, RBP=0x0000000000000006, RSI=0x000002e3ecd86708, RDI=0x000002e3ecd861e8
R8 =0x000002e3e846b508, R9 =0x000000e7edcfe4a0, R10=0x00007ffe75280000, R11=0x0000000000000000
R12=0x000000e7edcfcc90, R13=0x000002e3e279bae0, R14=0x0000000000000030, R15=0x0000000000000007
RIP=0x00007ffe3a1a0598, EFLAGS=0x0000000000010206


Register to memory mapping:

RAX=0x00003ffe3a9f26d8 is an unknown value
RBX=0x0000000000000025 is an unknown value
RCX=0x000002e3ecd86708 points into unknown readable memory: 0x00003ffe3a9f26d8 | d8 26 9f 3a fe 3f 00 00
RDX=0x00000000000000ef is an unknown value
RSP=0x000000e7edcfcaa0 is pointing into the stack for thread: 0x000002e3e2b24a60
RBP=0x0000000000000006 is an unknown value
RSI=0x000002e3ecd86708 points into unknown readable memory: 0x00003ffe3a9f26d8 | d8 26 9f 3a fe 3f 00 00
RDI=0x000002e3ecd861e8 points into unknown readable memory: 0x00007ffe3a9f26d8 | d8 26 9f 3a fe 7f 00 00
R8 =0x000002e3e846b508 points into unknown readable memory: 0x00007ffe3a9f6f90 | 90 6f 9f 3a fe 7f 00 00
R9 =0x000000e7edcfe4a0 is pointing into the stack for thread: 0x000002e3e2b24a60
R10=0x00007ffe75280000 VCRUNTIME140.dll
R11=0x0 is null
R12=0x000000e7edcfcc90 is pointing into the stack for thread: 0x000002e3e2b24a60
R13=0x000002e3e279bae0 points into unknown readable memory: 0x0000000000000000 | 00 00 00 00 00 00 00 00
R14=0x0000000000000030 is an unknown value
R15=0x0000000000000007 is an unknown value

Top of Stack: (sp=0x000000e7edcfcaa0)
0x000000e7edcfcaa0:   000002e3e8468850 0000000000000070
0x000000e7edcfcab0:   000002e3ecd86138 000002e3e846b508
0x000000e7edcfcac0:   000000e7edcfcea0 0000000000000001
0x000000e7edcfcad0:   000002e3e85899c8 000002e3e858c488
0x000000e7edcfcae0:   000002e3e8589848 000002e3e2a0df40
0x000000e7edcfcaf0:   000002e300000040 000002e3e858c488
0x000000e7edcfcb00:   000002e300000040 000002e3e2a0df40
0x000000e7edcfcb10:   000002e3e8586b40 000000e7edcfcea0
0x000000e7edcfcb20:   000000e7edcfcc90 000002e3e858eb28
0x000000e7edcfcb30:   000002e3e8589840 000002e3e2a0df40
0x000000e7edcfcb40:   000002e3eca23050 00007ffe3a19fded
0x000000e7edcfcb50:   000000e7edcfcc90 000002e3000000ef
0x000000e7edcfcb60:   000002e3e279bae0 0000000000000001
0x000000e7edcfcb70:   0000000000000000 0000000080000000
0x000000e7edcfcb80:   000002e3e27460a0 0000000000000070
0x000000e7edcfcb90:   000002e3e279bb00 00007ffe3a2a9b81
0x000000e7edcfcba0:   00000000000604a8 000000e7edcfe220
0x000000e7edcfcbb0:   000000e7edcfcca0 000002e3e279bae0
0x000000e7edcfcbc0:   000000e7edcfe200 00007ffe3a707901
0x000000e7edcfcbd0:   000002e3e9de0000 0000000000000000
0x000000e7edcfcbe0:   0000000000000000 0000000000000000
0x000000e7edcfcbf0:   0000000000000000 00007ffe3aa1b830
0x000000e7edcfcc00:   0000000000000000 000000e7edcfe220
0x000000e7edcfcc10:   0000000000000000 00007ffe3aa1b830
0x000000e7edcfcc20:   0000000000000000 0000000000000000
0x000000e7edcfcc30:   0000000000000000 0000000000000000
0x000000e7edcfcc40:   0000000000000000 0000000000000000
0x000000e7edcfcc50:   0000000000000000 0000000000000000
0x000000e7edcfcc60:   0000000000000000 0000000000000000
0x000000e7edcfcc70:   0000000000000000 0000000000000000
0x000000e7edcfcc80:   0000000000000000 0000000000000000
0x000000e7edcfcc90:   0000000000000007 000000e7edcfe220 

Instructions: (pc=0x00007ffe3a1a0598)
0x00007ffe3a1a0498:   60 41 8d 46 01 44 89 7e 6c 89 46 28 48 c7 46 70
0x00007ffe3a1a04a8:   01 00 00 00 48 c7 46 78 01 00 00 00 44 89 be 80
0x00007ffe3a1a04b8:   00 00 00 c7 86 84 00 00 00 3f 42 0f 00 44 88 be
0x00007ffe3a1a04c8:   88 00 00 00 44 89 be 8c 00 00 00 44 3b 76 18 72
0x00007ffe3a1a04d8:   0c 41 8b d6 48 8d 4e 10 e8 1b 75 56 00 48 8b 46
0x00007ffe3a1a04e8:   20 4a 89 3c f0 eb 03 49 8b f7 8b 57 28 49 8d 4c
0x00007ffe3a1a04f8:   24 68 4c 8b c6 e8 6e 21 00 00 8b 55 28 49 8d 4c
0x00007ffe3a1a0508:   24 68 4c 8b c6 e8 5e 21 00 00 48 3b ef 74 25 44
0x00007ffe3a1a0518:   8b 76 28 41 8d 46 01 89 46 28 44 3b 76 18 72 0c
0x00007ffe3a1a0528:   41 8b d6 48 8d 4e 10 e8 cc 74 56 00 48 8b 46 20
0x00007ffe3a1a0538:   4a 89 2c f0 8b 94 24 b8 00 00 00 ff c2 83 7e 18
0x00007ffe3a1a0548:   00 89 94 24 b8 00 00 00 76 09 48 8b 46 20 48 8b
0x00007ffe3a1a0558:   08 eb 03 49 8b cf 44 8b 79 18 41 8d 6f ff 85 ed
0x00007ffe3a1a0568:   0f 8e 9b 02 00 00 48 63 c5 4c 8d 34 c5 00 00 00
0x00007ffe3a1a0578:   00 0f 1f 80 00 00 00 00 48 8b 47 08 49 8b 34 06
0x00007ffe3a1a0588:   41 83 ff 02 0f 86 f9 00 00 00 48 8b 06 48 8b ce
0x00007ffe3a1a0598:   ff 50 20 48 3b c6 0f 84 e7 00 00 00 49 8b 8c 24
0x00007ffe3a1a05a8:   98 00 00 00 e8 df 60 56 00 48 8b d8 4c 8b 48 08
0x00007ffe3a1a05b8:   49 8b 09 48 85 c9 74 26 4c 8b 41 10 4d 85 c0 74
0x00007ffe3a1a05c8:   1d 8b 41 20 49 8d 14 c0 48 39 5a f8 48 8d 52 f8
0x00007ffe3a1a05d8:   75 f6 ff c8 89 41 20 49 8b 0c c0 48 89 0a 49 89
0x00007ffe3a1a05e8:   31 48 83 7e 10 00 74 1e 8b 56 20 3b 56 24 75 08
0x00007ffe3a1a05f8:   48 8b ce e8 60 84 56 00 8b 4e 20 48 8b 46 10 48
0x00007ffe3a1a0608:   89 1c c8 ff 46 20 be 70 00 00 00 42 80 3c 2e 00
0x00007ffe3a1a0618:   75 05 e8 41 63 7b 00 4c 8b 4f 08 4b 8b 0c 0e 48
0x00007ffe3a1a0628:   85 c9 74 2a 4c 8b 41 10 4d 85 c0 74 21 8b 41 20
0x00007ffe3a1a0638:   49 8d 14 c0 0f 1f 40 00 48 39 7a f8 48 8d 52 f8
0x00007ffe3a1a0648:   75 f6 ff c8 89 41 20 49 8b 0c c0 48 89 0a 4b 89
0x00007ffe3a1a0658:   1c 0e 48 83 7b 10 00 74 1e 8b 53 20 3b 53 24 75
0x00007ffe3a1a0668:   08 48 8b cb e8 ef 83 56 00 8b 4b 20 48 8b 43 10
0x00007ffe3a1a0678:   48 89 3c c8 ff 43 20 42 80 3c 2e 00 75 05 e8 d5
0x00007ffe3a1a0688:   62 7b 00 48 8b 44 24 30 48 83 c0 10 48 89 44 24 


Stack slot to memory mapping:

stack at sp + 0 slots: 0x000002e3e8468850 points into unknown readable memory: 0x00007ffe3a9b03a0 | a0 03 9b 3a fe 7f 00 00
stack at sp + 1 slots: 0x0000000000000070 is an unknown value
stack at sp + 2 slots: 0x000002e3ecd86138 points into unknown readable memory: 0x00007ffe3a9b2658 | 58 26 9b 3a fe 7f 00 00
stack at sp + 3 slots: 0x000002e3e846b508 points into unknown readable memory: 0x00007ffe3a9f6f90 | 90 6f 9f 3a fe 7f 00 00
stack at sp + 4 slots: 0x000000e7edcfcea0 is pointing into the stack for thread: 0x000002e3e2b24a60
stack at sp + 5 slots: 0x0000000000000001 is an unknown value
stack at sp + 6 slots: 0x000002e3e85899c8 points into unknown readable memory: 0x000002e3e93216b8 | b8 16 32 e9 e3 02 00 00
stack at sp + 7 slots: 0x000002e3e858c488 points into unknown readable memory: 0x4212101041080106 | 06 01 08 41 10 10 12 42


---------------  P R O C E S S  ---------------

Threads class SMR info:
_java_thread_list=0x000002e3eace3f70, length=20, elements={
0x000002e3c1756070, 0x000002e3e2769710, 0x000002e3e276a430, 0x000002e3e276ca80,
0x000002e3e276d4e0, 0x000002e3e2775f50, 0x000002e3e279a120, 0x000002e3e279eed0,
0x000002e3e27a1ac0, 0x000002e3e27366b0, 0x000002e3e2b24a60, 0x000002e3e7065f80,
0x000002e3e706ad30, 0x000002e3e805def0, 0x000002e3e7e52bb0, 0x000002e3e7e56030,
0x000002e3e7e53240, 0x000002e3e7e538d0, 0x000002e3e7e545f0, 0x000002e3e7e54c80
}

Java Threads: ( => current thread )
  0x000002e3c1756070 JavaThread "main"                              [_thread_in_Java, id=8388, stack(0x000000e7ecb00000,0x000000e7ecc00000) (1024K)]
  0x000002e3e2769710 JavaThread "Reference Handler"          daemon [_thread_blocked, id=22440, stack(0x000000e7ed300000,0x000000e7ed400000) (1024K)]
  0x000002e3e276a430 JavaThread "Finalizer"                  daemon [_thread_blocked, id=6824, stack(0x000000e7ed400000,0x000000e7ed500000) (1024K)]
  0x000002e3e276ca80 JavaThread "Signal Dispatcher"          daemon [_thread_blocked, id=22376, stack(0x000000e7ed500000,0x000000e7ed600000) (1024K)]
  0x000002e3e276d4e0 JavaThread "Attach Listener"            daemon [_thread_blocked, id=6884, stack(0x000000e7ed600000,0x000000e7ed700000) (1024K)]
  0x000002e3e2775f50 JavaThread "Service Thread"             daemon [_thread_blocked, id=21672, stack(0x000000e7ed700000,0x000000e7ed800000) (1024K)]
  0x000002e3e279a120 JavaThread "Monitor Deflation Thread"   daemon [_thread_blocked, id=13980, stack(0x000000e7ed800000,0x000000e7ed900000) (1024K)]
  0x000002e3e279eed0 JavaThread "C2 CompilerThread0"         daemon [_thread_in_native, id=15824, stack(0x000000e7ed900000,0x000000e7eda00000) (1024K)]
  0x000002e3e27a1ac0 JavaThread "C1 CompilerThread0"         daemon [_thread_in_native, id=3024, stack(0x000000e7eda00000,0x000000e7edb00000) (1024K)]
  0x000002e3e27366b0 JavaThread "Common-Cleaner"             daemon [_thread_blocked, id=20292, stack(0x000000e7edb00000,0x000000e7edc00000) (1024K)]
=>0x000002e3e2b24a60 JavaThread "C2 CompilerThread1"         daemon [_thread_in_native, id=8380, stack(0x000000e7edc00000,0x000000e7edd00000) (1024K)]
  0x000002e3e7065f80 JavaThread "Monitor Ctrl-Break"         daemon [_thread_in_native, id=5584, stack(0x000000e7edd00000,0x000000e7ede00000) (1024K)]
  0x000002e3e706ad30 JavaThread "Notification Thread"        daemon [_thread_blocked, id=20924, stack(0x000000e7ede00000,0x000000e7edf00000) (1024K)]
  0x000002e3e805def0 JavaThread "C2 CompilerThread2"         daemon [_thread_in_native, id=8524, stack(0x000000e7ee700000,0x000000e7ee800000) (1024K)]
  0x000002e3e7e52bb0 JavaThread "Catalina-utility-1"                [_thread_blocked, id=21712, stack(0x000000e7ee800000,0x000000e7ee900000) (1024K)]
  0x000002e3e7e56030 JavaThread "Catalina-utility-2"                [_thread_blocked, id=18920, stack(0x000000e7ee900000,0x000000e7eea00000) (1024K)]
  0x000002e3e7e53240 JavaThread "container-0"                       [_thread_blocked, id=14764, stack(0x000000e7eea00000,0x000000e7eeb00000) (1024K)]
  0x000002e3e7e538d0 JavaThread "mysql-cj-abandoned-connection-cleanup" daemon [_thread_blocked, id=18236, stack(0x000000e7eeb00000,0x000000e7eec00000) (1024K)]
  0x000002e3e7e545f0 JavaThread "HikariPool-1 housekeeper"   daemon [_thread_blocked, id=18668, stack(0x000000e7eed00000,0x000000e7eee00000) (1024K)]
  0x000002e3e7e54c80 JavaThread "HikariPool-1 connection adder" daemon [_thread_blocked, id=21708, stack(0x000000e7eee00000,0x000000e7eef00000) (1024K)]
Total: 20

Other Threads:
  0x000002e3e274eef0 VMThread "VM Thread"                           [id=22428, stack(0x000000e7ed200000,0x000000e7ed300000) (1024K)]
  0x000002e3e27357c0 WatcherThread "VM Periodic Task Thread"        [id=4460, stack(0x000000e7ed100000,0x000000e7ed200000) (1024K)]
  0x000002e3c17bcbe0 WorkerThread "GC Thread#0"                     [id=21680, stack(0x000000e7ecc00000,0x000000e7ecd00000) (1024K)]
  0x000002e3e79ff250 WorkerThread "GC Thread#1"                     [id=1300, stack(0x000000e7edf00000,0x000000e7ee000000) (1024K)]
  0x000002e3e79ffea0 WorkerThread "GC Thread#2"                     [id=21656, stack(0x000000e7ee000000,0x000000e7ee100000) (1024K)]
  0x000002e3e7b2e4b0 WorkerThread "GC Thread#3"                     [id=7956, stack(0x000000e7ee100000,0x000000e7ee200000) (1024K)]
  0x000002e3e7b2e850 WorkerThread "GC Thread#4"                     [id=21668, stack(0x000000e7ee200000,0x000000e7ee300000) (1024K)]
  0x000002e3e73a6e60 WorkerThread "GC Thread#5"                     [id=5376, stack(0x000000e7ee300000,0x000000e7ee400000) (1024K)]
  0x000002e3e7ca1d50 WorkerThread "GC Thread#6"                     [id=6580, stack(0x000000e7ee500000,0x000000e7ee600000) (1024K)]
  0x000002e3e7b75ba0 WorkerThread "GC Thread#7"                     [id=22448, stack(0x000000e7ee600000,0x000000e7ee700000) (1024K)]
  0x000002e3c17cd900 ConcurrentGCThread "G1 Main Marker"            [id=21456, stack(0x000000e7ecd00000,0x000000e7ece00000) (1024K)]
  0x000002e3c17ce400 WorkerThread "G1 Conc#0"                       [id=18480, stack(0x000000e7ece00000,0x000000e7ecf00000) (1024K)]
  0x000002e3e8780600 WorkerThread "G1 Conc#1"                       [id=21500, stack(0x000000e7ee400000,0x000000e7ee500000) (1024K)]
  0x000002e3c180e8d0 ConcurrentGCThread "G1 Refine#0"               [id=21652, stack(0x000000e7ecf00000,0x000000e7ed000000) (1024K)]
  0x000002e3e260a1c0 ConcurrentGCThread "G1 Service"                [id=13892, stack(0x000000e7ed000000,0x000000e7ed100000) (1024K)]
Total: 15

Threads with active compile tasks:
C2 CompilerThread0     6149 6161   !   4       org.springframework.util.ReflectionUtils::doWithMethods (186 bytes)
C1 CompilerThread0     6149 6295       3       org.springframework.context.support.PostProcessorRegistrationDelegate$BeanPostProcessorChecker::postProcessAfterInitialization (219 bytes)
C2 CompilerThread1     6149 6192       4       org.springframework.transaction.annotation.AnnotationTransactionAttributeSource::determineTransactionAttribute (51 bytes)
C2 CompilerThread2     6149 6203       4       org.springframework.beans.factory.support.AbstractBeanFactory::isTypeMatch (745 bytes)
Total: 4

VM state: not at safepoint (normal execution)

VM Mutex/Monitor currently owned by a thread: None

Heap address: 0x0000000704600000, size: 4026 MB, Compressed Oops mode: Zero based, Oop shift amount: 3

CDS archive(s) mapped at: [0x000002e380000000-0x000002e380c90000-0x000002e380c90000), size 13172736, SharedBaseAddress: 0x000002e380000000, ArchiveRelocationMode: 1.
Compressed class space mapped at: 0x000002e381000000-0x000002e3c1000000, reserved size: 1073741824
Narrow klass base: 0x000002e380000000, Narrow klass shift: 0, Narrow klass range: 0x100000000

GC Precious Log:
 CardTable entry size: 512
 Card Set container configuration: InlinePtr #cards 4 size 8 Array Of Cards #cards 16 size 48 Howl #buckets 8 coarsen threshold 3686 Howl Bitmap #cards 512 size 80 coarsen threshold 460 Card regions per heap region 1 cards per card region 4096
 CPUs: 8 total, 8 available
 Memory: 16103M
 Large Page Support: Disabled
 NUMA Support: Disabled
 Compressed Oops: Enabled (Zero based)
 Heap Region Size: 2M
 Heap Min Capacity: 8M
 Heap Initial Capacity: 252M
 Heap Max Capacity: 4026M
 Pre-touch: Disabled
 Parallel Workers: 8
 Concurrent Workers: 2
 Concurrent Refinement Workers: 8
 Periodic GC: Disabled

Heap:
 garbage-first heap   total 212992K, used 79821K [0x0000000704600000, 0x0000000800000000)
  region size 2048K, 19 young (38912K), 3 survivors (6144K)
 Metaspace       used 67670K, committed 68416K, reserved 1114112K
  class space    used 8953K, committed 9280K, reserved 1048576K

Heap Regions: E=young(eden), S=young(survivor), O=old, HS=humongous(starts), HC=humongous(continues), CS=collection set, F=free, TAMS=top-at-mark-start, PB=parsable bottom
|   0|0x0000000704600000, 0x0000000704800000, 0x0000000704800000|100%| O|  |TAMS 0x0000000704600000| PB 0x0000000704600000| Untracked 
|   1|0x0000000704800000, 0x0000000704a00000, 0x0000000704a00000|100%| O|  |TAMS 0x0000000704800000| PB 0x0000000704800000| Untracked 
|   2|0x0000000704a00000, 0x0000000704c00000, 0x0000000704c00000|100%| O|  |TAMS 0x0000000704a00000| PB 0x0000000704a00000| Untracked 
|   3|0x0000000704c00000, 0x0000000704e00000, 0x0000000704e00000|100%| O|  |TAMS 0x0000000704c00000| PB 0x0000000704c00000| Untracked 
|   4|0x0000000704e00000, 0x0000000705000000, 0x0000000705000000|100%| O|  |TAMS 0x0000000704e00000| PB 0x0000000704e00000| Untracked 
|   5|0x0000000705000000, 0x0000000705200000, 0x0000000705200000|100%| O|  |TAMS 0x0000000705000000| PB 0x0000000705000000| Untracked 
|   6|0x0000000705200000, 0x0000000705400000, 0x0000000705400000|100%| O|  |TAMS 0x0000000705200000| PB 0x0000000705200000| Untracked 
|   7|0x0000000705400000, 0x0000000705600000, 0x0000000705600000|100%| O|  |TAMS 0x0000000705400000| PB 0x0000000705400000| Untracked 
|   8|0x0000000705600000, 0x0000000705600000, 0x0000000705800000|  0%| F|  |TAMS 0x0000000705600000| PB 0x0000000705600000| Untracked 
|   9|0x0000000705800000, 0x0000000705a00000, 0x0000000705a00000|100%| O|  |TAMS 0x0000000705800000| PB 0x0000000705800000| Untracked 
|  10|0x0000000705a00000, 0x0000000705c00000, 0x0000000705c00000|100%| O|  |TAMS 0x0000000705a00000| PB 0x0000000705a00000| Untracked 
|  11|0x0000000705c00000, 0x0000000705e00000, 0x0000000705e00000|100%| O|  |TAMS 0x0000000705c00000| PB 0x0000000705c00000| Untracked 
|  12|0x0000000705e00000, 0x0000000706000000, 0x0000000706000000|100%| O|  |TAMS 0x0000000705e00000| PB 0x0000000705e00000| Untracked 
|  13|0x0000000706000000, 0x0000000706200000, 0x0000000706200000|100%| O|  |TAMS 0x0000000706000000| PB 0x0000000706000000| Untracked 
|  14|0x0000000706200000, 0x0000000706400000, 0x0000000706400000|100%| O|  |TAMS 0x0000000706200000| PB 0x0000000706200000| Untracked 
|  15|0x0000000706400000, 0x0000000706400000, 0x0000000706600000|  0%| F|  |TAMS 0x0000000706400000| PB 0x0000000706400000| Untracked 
|  16|0x0000000706600000, 0x0000000706600000, 0x0000000706800000|  0%| F|  |TAMS 0x0000000706600000| PB 0x0000000706600000| Untracked 
|  17|0x0000000706800000, 0x0000000706a00000, 0x0000000706a00000|100%| O|  |TAMS 0x0000000706800000| PB 0x0000000706800000| Untracked 
|  18|0x0000000706a00000, 0x0000000706c00000, 0x0000000706c00000|100%| O|  |TAMS 0x0000000706a00000| PB 0x0000000706a00000| Untracked 
|  19|0x0000000706c00000, 0x0000000706e00000, 0x0000000706e00000|100%| O|  |TAMS 0x0000000706c00000| PB 0x0000000706c00000| Untracked 
|  20|0x0000000706e00000, 0x0000000707000000, 0x0000000707000000|100%| O|  |TAMS 0x0000000706e00000| PB 0x0000000706e00000| Untracked 
|  21|0x0000000707000000, 0x0000000707200000, 0x0000000707200000|100%| O|  |TAMS 0x0000000707000000| PB 0x0000000707000000| Untracked 
|  22|0x0000000707200000, 0x0000000707400000, 0x0000000707400000|100%| O|  |TAMS 0x0000000707200000| PB 0x0000000707200000| Untracked 
|  23|0x0000000707400000, 0x00000007075f35c0, 0x0000000707600000| 97%| O|  |TAMS 0x0000000707400000| PB 0x0000000707400000| Untracked 
|  24|0x0000000707600000, 0x0000000707600000, 0x0000000707800000|  0%| F|  |TAMS 0x0000000707600000| PB 0x0000000707600000| Untracked 
|  25|0x0000000707800000, 0x0000000707800000, 0x0000000707a00000|  0%| F|  |TAMS 0x0000000707800000| PB 0x0000000707800000| Untracked 
|  26|0x0000000707a00000, 0x0000000707a00000, 0x0000000707c00000|  0%| F|  |TAMS 0x0000000707a00000| PB 0x0000000707a00000| Untracked 
|  27|0x0000000707c00000, 0x0000000707e00000, 0x0000000707e00000|100%| S|CS|TAMS 0x0000000707c00000| PB 0x0000000707c00000| Complete 
|  28|0x0000000707e00000, 0x0000000708000000, 0x0000000708000000|100%| S|CS|TAMS 0x0000000707e00000| PB 0x0000000707e00000| Complete 
|  29|0x0000000708000000, 0x0000000708200000, 0x0000000708200000|100%| S|CS|TAMS 0x0000000708000000| PB 0x0000000708000000| Complete 
|  30|0x0000000708200000, 0x0000000708200000, 0x0000000708400000|  0%| F|  |TAMS 0x0000000708200000| PB 0x0000000708200000| Untracked 
|  31|0x0000000708400000, 0x0000000708400000, 0x0000000708600000|  0%| F|  |TAMS 0x0000000708400000| PB 0x0000000708400000| Untracked 
|  32|0x0000000708600000, 0x0000000708600000, 0x0000000708800000|  0%| F|  |TAMS 0x0000000708600000| PB 0x0000000708600000| Untracked 
|  33|0x0000000708800000, 0x0000000708800000, 0x0000000708a00000|  0%| F|  |TAMS 0x0000000708800000| PB 0x0000000708800000| Untracked 
|  34|0x0000000708a00000, 0x0000000708a00000, 0x0000000708c00000|  0%| F|  |TAMS 0x0000000708a00000| PB 0x0000000708a00000| Untracked 
|  35|0x0000000708c00000, 0x0000000708c00000, 0x0000000708e00000|  0%| F|  |TAMS 0x0000000708c00000| PB 0x0000000708c00000| Untracked 
|  36|0x0000000708e00000, 0x0000000708e00000, 0x0000000709000000|  0%| F|  |TAMS 0x0000000708e00000| PB 0x0000000708e00000| Untracked 
|  37|0x0000000709000000, 0x0000000709000000, 0x0000000709200000|  0%| F|  |TAMS 0x0000000709000000| PB 0x0000000709000000| Untracked 
|  38|0x0000000709200000, 0x0000000709200000, 0x0000000709400000|  0%| F|  |TAMS 0x0000000709200000| PB 0x0000000709200000| Untracked 
|  39|0x0000000709400000, 0x0000000709400000, 0x0000000709600000|  0%| F|  |TAMS 0x0000000709400000| PB 0x0000000709400000| Untracked 
|  40|0x0000000709600000, 0x0000000709600000, 0x0000000709800000|  0%| F|  |TAMS 0x0000000709600000| PB 0x0000000709600000| Untracked 
|  41|0x0000000709800000, 0x0000000709800000, 0x0000000709a00000|  0%| F|  |TAMS 0x0000000709800000| PB 0x0000000709800000| Untracked 
|  42|0x0000000709a00000, 0x0000000709a00000, 0x0000000709c00000|  0%| F|  |TAMS 0x0000000709a00000| PB 0x0000000709a00000| Untracked 
|  43|0x0000000709c00000, 0x0000000709c00000, 0x0000000709e00000|  0%| F|  |TAMS 0x0000000709c00000| PB 0x0000000709c00000| Untracked 
|  44|0x0000000709e00000, 0x0000000709e00000, 0x000000070a000000|  0%| F|  |TAMS 0x0000000709e00000| PB 0x0000000709e00000| Untracked 
|  45|0x000000070a000000, 0x000000070a000000, 0x000000070a200000|  0%| F|  |TAMS 0x000000070a000000| PB 0x000000070a000000| Untracked 
|  46|0x000000070a200000, 0x000000070a200000, 0x000000070a400000|  0%| F|  |TAMS 0x000000070a200000| PB 0x000000070a200000| Untracked 
|  47|0x000000070a400000, 0x000000070a400000, 0x000000070a600000|  0%| F|  |TAMS 0x000000070a400000| PB 0x000000070a400000| Untracked 
|  48|0x000000070a600000, 0x000000070a600000, 0x000000070a800000|  0%| F|  |TAMS 0x000000070a600000| PB 0x000000070a600000| Untracked 
|  49|0x000000070a800000, 0x000000070a800000, 0x000000070aa00000|  0%| F|  |TAMS 0x000000070a800000| PB 0x000000070a800000| Untracked 
|  50|0x000000070aa00000, 0x000000070aa00000, 0x000000070ac00000|  0%| F|  |TAMS 0x000000070aa00000| PB 0x000000070aa00000| Untracked 
|  51|0x000000070ac00000, 0x000000070ac00000, 0x000000070ae00000|  0%| F|  |TAMS 0x000000070ac00000| PB 0x000000070ac00000| Untracked 
|  52|0x000000070ae00000, 0x000000070ae00000, 0x000000070b000000|  0%| F|  |TAMS 0x000000070ae00000| PB 0x000000070ae00000| Untracked 
|  53|0x000000070b000000, 0x000000070b000000, 0x000000070b200000|  0%| F|  |TAMS 0x000000070b000000| PB 0x000000070b000000| Untracked 
|  54|0x000000070b200000, 0x000000070b200000, 0x000000070b400000|  0%| F|  |TAMS 0x000000070b200000| PB 0x000000070b200000| Untracked 
|  55|0x000000070b400000, 0x000000070b400000, 0x000000070b600000|  0%| F|  |TAMS 0x000000070b400000| PB 0x000000070b400000| Untracked 
|  56|0x000000070b600000, 0x000000070b600000, 0x000000070b800000|  0%| F|  |TAMS 0x000000070b600000| PB 0x000000070b600000| Untracked 
|  57|0x000000070b800000, 0x000000070b800000, 0x000000070ba00000|  0%| F|  |TAMS 0x000000070b800000| PB 0x000000070b800000| Untracked 
|  58|0x000000070ba00000, 0x000000070ba00000, 0x000000070bc00000|  0%| F|  |TAMS 0x000000070ba00000| PB 0x000000070ba00000| Untracked 
|  59|0x000000070bc00000, 0x000000070bc00000, 0x000000070be00000|  0%| F|  |TAMS 0x000000070bc00000| PB 0x000000070bc00000| Untracked 
|  60|0x000000070be00000, 0x000000070be00000, 0x000000070c000000|  0%| F|  |TAMS 0x000000070be00000| PB 0x000000070be00000| Untracked 
|  61|0x000000070c000000, 0x000000070c000000, 0x000000070c200000|  0%| F|  |TAMS 0x000000070c000000| PB 0x000000070c000000| Untracked 
|  62|0x000000070c200000, 0x000000070c200000, 0x000000070c400000|  0%| F|  |TAMS 0x000000070c200000| PB 0x000000070c200000| Untracked 
|  63|0x000000070c400000, 0x000000070c400000, 0x000000070c600000|  0%| F|  |TAMS 0x000000070c400000| PB 0x000000070c400000| Untracked 
|  64|0x000000070c600000, 0x000000070c600000, 0x000000070c800000|  0%| F|  |TAMS 0x000000070c600000| PB 0x000000070c600000| Untracked 
|  65|0x000000070c800000, 0x000000070c800000, 0x000000070ca00000|  0%| F|  |TAMS 0x000000070c800000| PB 0x000000070c800000| Untracked 
|  66|0x000000070ca00000, 0x000000070ca00000, 0x000000070cc00000|  0%| F|  |TAMS 0x000000070ca00000| PB 0x000000070ca00000| Untracked 
|  67|0x000000070cc00000, 0x000000070cc00000, 0x000000070ce00000|  0%| F|  |TAMS 0x000000070cc00000| PB 0x000000070cc00000| Untracked 
|  68|0x000000070ce00000, 0x000000070ce00000, 0x000000070d000000|  0%| F|  |TAMS 0x000000070ce00000| PB 0x000000070ce00000| Untracked 
|  69|0x000000070d000000, 0x000000070d000000, 0x000000070d200000|  0%| F|  |TAMS 0x000000070d000000| PB 0x000000070d000000| Untracked 
|  70|0x000000070d200000, 0x000000070d200000, 0x000000070d400000|  0%| F|  |TAMS 0x000000070d200000| PB 0x000000070d200000| Untracked 
|  71|0x000000070d400000, 0x000000070d400000, 0x000000070d600000|  0%| F|  |TAMS 0x000000070d400000| PB 0x000000070d400000| Untracked 
|  72|0x000000070d600000, 0x000000070d600000, 0x000000070d800000|  0%| F|  |TAMS 0x000000070d600000| PB 0x000000070d600000| Untracked 
|  73|0x000000070d800000, 0x000000070d800000, 0x000000070da00000|  0%| F|  |TAMS 0x000000070d800000| PB 0x000000070d800000| Untracked 
|  74|0x000000070da00000, 0x000000070da00000, 0x000000070dc00000|  0%| F|  |TAMS 0x000000070da00000| PB 0x000000070da00000| Untracked 
|  75|0x000000070dc00000, 0x000000070dc00000, 0x000000070de00000|  0%| F|  |TAMS 0x000000070dc00000| PB 0x000000070dc00000| Untracked 
|  76|0x000000070de00000, 0x000000070de00000, 0x000000070e000000|  0%| F|  |TAMS 0x000000070de00000| PB 0x000000070de00000| Untracked 
|  77|0x000000070e000000, 0x000000070e000000, 0x000000070e200000|  0%| F|  |TAMS 0x000000070e000000| PB 0x000000070e000000| Untracked 
|  78|0x000000070e200000, 0x000000070e200000, 0x000000070e400000|  0%| F|  |TAMS 0x000000070e200000| PB 0x000000070e200000| Untracked 
|  79|0x000000070e400000, 0x000000070e400000, 0x000000070e600000|  0%| F|  |TAMS 0x000000070e400000| PB 0x000000070e400000| Untracked 
|  80|0x000000070e600000, 0x000000070e600000, 0x000000070e800000|  0%| F|  |TAMS 0x000000070e600000| PB 0x000000070e600000| Untracked 
|  81|0x000000070e800000, 0x000000070e800000, 0x000000070ea00000|  0%| F|  |TAMS 0x000000070e800000| PB 0x000000070e800000| Untracked 
|  82|0x000000070ea00000, 0x000000070ea00000, 0x000000070ec00000|  0%| F|  |TAMS 0x000000070ea00000| PB 0x000000070ea00000| Untracked 
|  83|0x000000070ec00000, 0x000000070ec00000, 0x000000070ee00000|  0%| F|  |TAMS 0x000000070ec00000| PB 0x000000070ec00000| Untracked 
|  84|0x000000070ee00000, 0x000000070ee00000, 0x000000070f000000|  0%| F|  |TAMS 0x000000070ee00000| PB 0x000000070ee00000| Untracked 
|  85|0x000000070f000000, 0x000000070f000000, 0x000000070f200000|  0%| F|  |TAMS 0x000000070f000000| PB 0x000000070f000000| Untracked 
|  86|0x000000070f200000, 0x000000070f200000, 0x000000070f400000|  0%| F|  |TAMS 0x000000070f200000| PB 0x000000070f200000| Untracked 
|  87|0x000000070f400000, 0x000000070f57bba0, 0x000000070f600000| 74%| E|  |TAMS 0x000000070f400000| PB 0x000000070f400000| Complete 
|  88|0x000000070f600000, 0x000000070f800000, 0x000000070f800000|100%| E|CS|TAMS 0x000000070f600000| PB 0x000000070f600000| Complete 
|  89|0x000000070f800000, 0x000000070fa00000, 0x000000070fa00000|100%| E|CS|TAMS 0x000000070f800000| PB 0x000000070f800000| Complete 
|  90|0x000000070fa00000, 0x000000070fc00000, 0x000000070fc00000|100%| E|CS|TAMS 0x000000070fa00000| PB 0x000000070fa00000| Complete 
|  91|0x000000070fc00000, 0x000000070fe00000, 0x000000070fe00000|100%| E|CS|TAMS 0x000000070fc00000| PB 0x000000070fc00000| Complete 
|  92|0x000000070fe00000, 0x0000000710000000, 0x0000000710000000|100%| E|CS|TAMS 0x000000070fe00000| PB 0x000000070fe00000| Complete 
|  93|0x0000000710000000, 0x0000000710200000, 0x0000000710200000|100%| E|CS|TAMS 0x0000000710000000| PB 0x0000000710000000| Complete 
|  94|0x0000000710200000, 0x0000000710400000, 0x0000000710400000|100%| E|CS|TAMS 0x0000000710200000| PB 0x0000000710200000| Complete 
|  95|0x0000000710400000, 0x0000000710600000, 0x0000000710600000|100%| E|  |TAMS 0x0000000710400000| PB 0x0000000710400000| Complete 
|  96|0x0000000710600000, 0x0000000710800000, 0x0000000710800000|100%| E|CS|TAMS 0x0000000710600000| PB 0x0000000710600000| Complete 
|  97|0x0000000710800000, 0x0000000710a00000, 0x0000000710a00000|100%| E|CS|TAMS 0x0000000710800000| PB 0x0000000710800000| Complete 
|  98|0x0000000710a00000, 0x0000000710c00000, 0x0000000710c00000|100%| E|CS|TAMS 0x0000000710a00000| PB 0x0000000710a00000| Complete 
|  99|0x0000000710c00000, 0x0000000710e00000, 0x0000000710e00000|100%| E|CS|TAMS 0x0000000710c00000| PB 0x0000000710c00000| Complete 
| 100|0x0000000710e00000, 0x0000000711000000, 0x0000000711000000|100%| E|CS|TAMS 0x0000000710e00000| PB 0x0000000710e00000| Complete 
| 125|0x0000000714000000, 0x0000000714200000, 0x0000000714200000|100%| E|CS|TAMS 0x0000000714000000| PB 0x0000000714000000| Complete 
|2011|0x00000007ffc00000, 0x00000007ffe00000, 0x00000007ffe00000|100%| E|CS|TAMS 0x00000007ffc00000| PB 0x00000007ffc00000| Complete 
|2012|0x00000007ffe00000, 0x0000000800000000, 0x0000000800000000|100%| O|  |TAMS 0x00000007ffe00000| PB 0x00000007ffe00000| Untracked 

Card table byte_map: [0x000002e3db5c0000,0x000002e3dbda0000] _byte_map_base: 0x000002e3d7d9d000

Marking Bits: (CMBitMap*) 0x000002e3c17bd2e0
 Bits: [0x000002e3dbda0000, 0x000002e3dfc88000)

Polling page: 0x000002e3c1810000

Metaspace:

Usage:
  Non-class:     57.35 MB used.
      Class:      8.75 MB used.
       Both:     66.10 MB used.

Virtual space:
  Non-class space:       64.00 MB reserved,      57.75 MB ( 90%) committed,  1 nodes.
      Class space:        1.00 GB reserved,       9.06 MB ( <1%) committed,  1 nodes.
             Both:        1.06 GB reserved,      66.81 MB (  6%) committed. 

Chunk freelists:
   Non-Class:  5.84 MB
       Class:  6.97 MB
        Both:  12.81 MB

MaxMetaspaceSize: unlimited
CompressedClassSpaceSize: 1.00 GB
Initial GC threshold: 21.00 MB
Current GC threshold: 108.38 MB
CDS: on
 - commit_granule_bytes: 65536.
 - commit_granule_words: 8192.
 - virtual_space_node_default_size: 8388608.
 - enlarge_chunks_in_place: 1.
 - use_allocation_guard: 0.


Internal statistics:

num_allocs_failed_limit: 15.
num_arena_births: 1092.
num_arena_deaths: 0.
num_vsnodes_births: 2.
num_vsnodes_deaths: 0.
num_space_committed: 1069.
num_space_uncommitted: 0.
num_chunks_returned_to_freelist: 15.
num_chunks_taken_from_freelist: 3473.
num_chunk_merges: 15.
num_chunk_splits: 2476.
num_chunks_enlarged: 1899.
num_inconsistent_stats: 0.

CodeHeap 'non-profiled nmethods': size=120000Kb used=3675Kb max_used=3701Kb free=116324Kb
 bounds [0x000002e3d2e50000, 0x000002e3d3200000, 0x000002e3da380000]
CodeHeap 'profiled nmethods': size=120000Kb used=11099Kb max_used=11099Kb free=108900Kb
 bounds [0x000002e3cb380000, 0x000002e3cbe60000, 0x000002e3d28b0000]
CodeHeap 'non-nmethods': size=5760Kb used=1691Kb max_used=1793Kb free=4068Kb
 bounds [0x000002e3d28b0000, 0x000002e3d2b20000, 0x000002e3d2e50000]
 total_blobs=6057 nmethods=5336 adapters=625
 compilation: enabled
              stopped_count=0, restarted_count=0
 full_count=0

Compilation events (20 events):
Event: 6.046 Thread 0x000002e3e27a1ac0 6232       3       sun.invoke.util.Wrapper::findWrapperType (102 bytes)
Event: 6.047 Thread 0x000002e3e27a1ac0 nmethod 6232 0x000002e3cb4e7e10 code [0x000002e3cb4e8040, 0x000002e3cb4e85b0]
Event: 6.047 Thread 0x000002e3e27a1ac0 6236   !   3       java.lang.invoke.LambdaFormEditor::putInCache (523 bytes)
Event: 6.049 Thread 0x000002e3e27a1ac0 nmethod 6236 0x000002e3cb546290 code [0x000002e3cb546720, 0x000002e3cb5492f8]
Event: 6.049 Thread 0x000002e3e27a1ac0 6237       3       java.lang.ThreadLocal$ThreadLocalMap::remove (68 bytes)
Event: 6.050 Thread 0x000002e3e27a1ac0 nmethod 6237 0x000002e3cb526410 code [0x000002e3cb526620, 0x000002e3cb526bf8]
Event: 6.050 Thread 0x000002e3e27a1ac0 6233       3       java.lang.invoke.LambdaFormEditor::buffer (12 bytes)
Event: 6.050 Thread 0x000002e3e27a1ac0 nmethod 6233 0x000002e3cb6f4110 code [0x000002e3cb6f42c0, 0x000002e3cb6f4478]
Event: 6.050 Thread 0x000002e3e27a1ac0 6234       3       java.lang.invoke.LambdaFormBuffer::<init> (89 bytes)
Event: 6.050 Thread 0x000002e3e27a1ac0 nmethod 6234 0x000002e3cb598d90 code [0x000002e3cb598f60, 0x000002e3cb599360]
Event: 6.050 Thread 0x000002e3e27a1ac0 6235       3       java.lang.invoke.LambdaFormBuffer::startEdit (247 bytes)
Event: 6.050 Thread 0x000002e3e27a1ac0 nmethod 6235 0x000002e3cb7fd890 code [0x000002e3cb7fdaa0, 0x000002e3cb7fe1b0]
Event: 6.053 Thread 0x000002e3e27a1ac0 6238       3       java.lang.invoke.LambdaFormBuffer::lambdaForm (37 bytes)
Event: 6.053 Thread 0x000002e3e27a1ac0 nmethod 6238 0x000002e3cb7fd110 code [0x000002e3cb7fd300, 0x000002e3cb7fd6e8]
Event: 6.058 Thread 0x000002e3e2b24a60 nmethod 6201 0x000002e3d2f0bb90 code [0x000002e3d2f0be00, 0x000002e3d2f0ca00]
Event: 6.058 Thread 0x000002e3e2b24a60 6192       4       org.springframework.transaction.annotation.AnnotationTransactionAttributeSource::determineTransactionAttribute (51 bytes)
Event: 6.071 Thread 0x000002e3e27a1ac0 6240   !   3       org.springframework.beans.factory.support.DefaultSingletonBeanRegistry::registerDependentBean (115 bytes)
Event: 6.072 Thread 0x000002e3e27a1ac0 nmethod 6240 0x000002e3cb54b010 code [0x000002e3cb54b2a0, 0x000002e3cb54c1d8]
Event: 6.072 Thread 0x000002e3e27a1ac0 6241       3       java.lang.invoke.LambdaFormBuffer::noteDuplicate (115 bytes)
Event: 6.072 Thread 0x000002e3e27a1ac0 nmethod 6241 0x000002e3cb4e7410 code [0x000002e3cb4e7600, 0x000002e3cb4e7b28]

GC Heap History (20 events):
Event: 3.163 GC heap before
{Heap before GC invocations=6 (full 0):
 garbage-first heap   total 61440K, used 31839K [0x0000000704600000, 0x0000000800000000)
  region size 2048K, 9 young (18432K), 2 survivors (4096K)
 Metaspace       used 35522K, committed 36096K, reserved 1114112K
  class space    used 4581K, committed 4864K, reserved 1048576K
}
Event: 3.166 GC heap after
{Heap after GC invocations=7 (full 0):
 garbage-first heap   total 159744K, used 20092K [0x0000000704600000, 0x0000000800000000)
  region size 2048K, 2 young (4096K), 2 survivors (4096K)
 Metaspace       used 35522K, committed 36096K, reserved 1114112K
  class space    used 4581K, committed 4864K, reserved 1048576K
}
Event: 4.133 GC heap before
{Heap before GC invocations=8 (full 0):
 garbage-first heap   total 81920K, used 65148K [0x0000000704600000, 0x0000000800000000)
  region size 2048K, 24 young (49152K), 2 survivors (4096K)
 Metaspace       used 51690K, committed 52288K, reserved 1114112K
  class space    used 6622K, committed 6912K, reserved 1048576K
}
Event: 4.138 GC heap after
{Heap after GC invocations=9 (full 0):
 garbage-first heap   total 81920K, used 23584K [0x0000000704600000, 0x0000000800000000)
  region size 2048K, 3 young (6144K), 3 survivors (6144K)
 Metaspace       used 51690K, committed 52288K, reserved 1114112K
  class space    used 6622K, committed 6912K, reserved 1048576K
}
Event: 4.664 GC heap before
{Heap before GC invocations=9 (full 0):
 garbage-first heap   total 81920K, used 52256K [0x0000000704600000, 0x0000000800000000)
  region size 2048K, 18 young (36864K), 3 survivors (6144K)
 Metaspace       used 59931K, committed 60480K, reserved 1114112K
  class space    used 7946K, committed 8192K, reserved 1048576K
}
Event: 4.670 GC heap after
{Heap after GC invocations=10 (full 0):
 garbage-first heap   total 81920K, used 26000K [0x0000000704600000, 0x0000000800000000)
  region size 2048K, 2 young (4096K), 2 survivors (4096K)
 Metaspace       used 59931K, committed 60480K, reserved 1114112K
  class space    used 7946K, committed 8192K, reserved 1048576K
}
Event: 4.701 GC heap before
{Heap before GC invocations=10 (full 0):
 garbage-first heap   total 81920K, used 26000K [0x0000000704600000, 0x0000000800000000)
  region size 2048K, 3 young (6144K), 2 survivors (4096K)
 Metaspace       used 60229K, committed 60800K, reserved 1114112K
  class space    used 7984K, committed 8256K, reserved 1048576K
}
Event: 4.703 GC heap after
{Heap after GC invocations=11 (full 0):
 garbage-first heap   total 81920K, used 25830K [0x0000000704600000, 0x0000000800000000)
  region size 2048K, 2 young (4096K), 2 survivors (4096K)
 Metaspace       used 60229K, committed 60800K, reserved 1114112K
  class space    used 7984K, committed 8256K, reserved 1048576K
}
Event: 5.334 GC heap before
{Heap before GC invocations=12 (full 0):
 garbage-first heap   total 81920K, used 64742K [0x0000000704600000, 0x0000000800000000)
  region size 2048K, 22 young (45056K), 2 survivors (4096K)
 Metaspace       used 65584K, committed 66240K, reserved 1114112K
  class space    used 8710K, committed 8960K, reserved 1048576K
}
Event: 5.340 GC heap after
{Heap after GC invocations=13 (full 0):
 garbage-first heap   total 81920K, used 31459K [0x0000000704600000, 0x0000000800000000)
  region size 2048K, 3 young (6144K), 3 survivors (6144K)
 Metaspace       used 65584K, committed 66240K, reserved 1114112K
  class space    used 8710K, committed 8960K, reserved 1048576K
}
Event: 5.447 GC heap before
{Heap before GC invocations=13 (full 0):
 garbage-first heap   total 81920K, used 68323K [0x0000000704600000, 0x0000000800000000)
  region size 2048K, 21 young (43008K), 3 survivors (6144K)
 Metaspace       used 65727K, committed 66432K, reserved 1114112K
  class space    used 8719K, committed 9024K, reserved 1048576K
}
Event: 5.458 GC heap after
{Heap after GC invocations=14 (full 0):
 garbage-first heap   total 86016K, used 40960K [0x0000000704600000, 0x0000000800000000)
  region size 2048K, 3 young (6144K), 3 survivors (6144K)
 Metaspace       used 65727K, committed 66432K, reserved 1114112K
  class space    used 8719K, committed 9024K, reserved 1048576K
}
Event: 5.538 GC heap before
{Heap before GC invocations=14 (full 0):
 garbage-first heap   total 86016K, used 67584K [0x0000000704600000, 0x0000000800000000)
  region size 2048K, 17 young (34816K), 3 survivors (6144K)
 Metaspace       used 65807K, committed 66560K, reserved 1114112K
  class space    used 8724K, committed 9024K, reserved 1048576K
}
Event: 5.544 GC heap after
{Heap after GC invocations=15 (full 0):
 garbage-first heap   total 86016K, used 47312K [0x0000000704600000, 0x0000000800000000)
  region size 2048K, 3 young (6144K), 3 survivors (6144K)
 Metaspace       used 65807K, committed 66560K, reserved 1114112K
  class space    used 8724K, committed 9024K, reserved 1048576K
}
Event: 5.617 GC heap before
{Heap before GC invocations=15 (full 0):
 garbage-first heap   total 86016K, used 69840K [0x0000000704600000, 0x0000000800000000)
  region size 2048K, 14 young (28672K), 3 survivors (6144K)
 Metaspace       used 65882K, committed 66560K, reserved 1114112K
  class space    used 8729K, committed 9024K, reserved 1048576K
}
Event: 5.618 GC heap after
{Heap after GC invocations=16 (full 0):
 garbage-first heap   total 86016K, used 45275K [0x0000000704600000, 0x0000000800000000)
  region size 2048K, 2 young (4096K), 2 survivors (4096K)
 Metaspace       used 65882K, committed 66560K, reserved 1114112K
  class space    used 8729K, committed 9024K, reserved 1048576K
}
Event: 5.695 GC heap before
{Heap before GC invocations=17 (full 0):
 garbage-first heap   total 106496K, used 69851K [0x0000000704600000, 0x0000000800000000)
  region size 2048K, 15 young (30720K), 2 survivors (4096K)
 Metaspace       used 65901K, committed 66560K, reserved 1114112K
  class space    used 8729K, committed 9024K, reserved 1048576K
}
Event: 5.699 GC heap after
{Heap after GC invocations=18 (full 0):
 garbage-first heap   total 106496K, used 49439K [0x0000000704600000, 0x0000000800000000)
  region size 2048K, 2 young (4096K), 2 survivors (4096K)
 Metaspace       used 65901K, committed 66560K, reserved 1114112K
  class space    used 8729K, committed 9024K, reserved 1048576K
}
Event: 5.800 GC heap before
{Heap before GC invocations=18 (full 0):
 garbage-first heap   total 106496K, used 84255K [0x0000000704600000, 0x0000000800000000)
  region size 2048K, 20 young (40960K), 2 survivors (4096K)
 Metaspace       used 65936K, committed 66624K, reserved 1114112K
  class space    used 8729K, committed 9024K, reserved 1048576K
}
Event: 5.810 GC heap after
{Heap after GC invocations=19 (full 0):
 garbage-first heap   total 212992K, used 51149K [0x0000000704600000, 0x0000000800000000)
  region size 2048K, 3 young (6144K), 3 survivors (6144K)
 Metaspace       used 65936K, committed 66624K, reserved 1114112K
  class space    used 8729K, committed 9024K, reserved 1048576K
}

Dll operation events (14 events):
Event: 0.008 Loaded shared library C:\Users\LENOVO\.jdks\openjdk-21.0.2\bin\java.dll
Event: 0.040 Loaded shared library C:\Users\LENOVO\.jdks\openjdk-21.0.2\bin\jsvml.dll
Event: 0.132 Loaded shared library C:\Users\LENOVO\.jdks\openjdk-21.0.2\bin\zip.dll
Event: 0.135 Loaded shared library C:\Users\LENOVO\.jdks\openjdk-21.0.2\bin\instrument.dll
Event: 0.139 Loaded shared library C:\Users\LENOVO\.jdks\openjdk-21.0.2\bin\net.dll
Event: 0.140 Loaded shared library C:\Users\LENOVO\.jdks\openjdk-21.0.2\bin\nio.dll
Event: 0.143 Loaded shared library C:\Users\LENOVO\.jdks\openjdk-21.0.2\bin\zip.dll
Event: 0.216 Loaded shared library C:\Program Files\JetBrains\IntelliJ IDEA Community Edition 2023.3.3\bin\breakgen64.dll
Event: 0.226 Loaded shared library C:\Users\LENOVO\.jdks\openjdk-21.0.2\bin\extnet.dll
Event: 0.257 Loaded shared library C:\Users\LENOVO\.jdks\openjdk-21.0.2\bin\jimage.dll
Event: 1.174 Loaded shared library C:\Users\LENOVO\.jdks\openjdk-21.0.2\bin\sunmscapi.dll
Event: 2.593 Loaded shared library C:\Users\LENOVO\.jdks\openjdk-21.0.2\bin\management.dll
Event: 2.595 Loaded shared library C:\Users\LENOVO\.jdks\openjdk-21.0.2\bin\management_ext.dll
Event: 3.082 Loaded shared library C:\Users\LENOVO\.jdks\openjdk-21.0.2\bin\verify.dll

Deoptimization events (20 events):
Event: 5.883 Thread 0x000002e3c1756070 Uncommon trap: trap_request=0xffffffd6 fr.pc=0x000002e3d2f97d48 relative=0x0000000000000828
Event: 5.883 Thread 0x000002e3c1756070 Uncommon trap: reason=array_check action=maybe_recompile pc=0x000002e3d2f97d48 method=java.util.AbstractCollection.toArray([Ljava/lang/Object;)[Ljava/lang/Object; @ 116 c2
Event: 5.883 Thread 0x000002e3c1756070 DEOPT PACKING pc=0x000002e3d2f97d48 sp=0x000000e7ecbfa560
Event: 5.883 Thread 0x000002e3c1756070 DEOPT UNPACKING pc=0x000002e3d29046a2 sp=0x000000e7ecbfa520 mode 2
Event: 5.883 Thread 0x000002e3c1756070 Uncommon trap: trap_request=0xffffffd6 fr.pc=0x000002e3d2f97d48 relative=0x0000000000000828
Event: 5.883 Thread 0x000002e3c1756070 Uncommon trap: reason=array_check action=maybe_recompile pc=0x000002e3d2f97d48 method=java.util.AbstractCollection.toArray([Ljava/lang/Object;)[Ljava/lang/Object; @ 116 c2
Event: 5.883 Thread 0x000002e3c1756070 DEOPT PACKING pc=0x000002e3d2f97d48 sp=0x000000e7ecbfa7e0
Event: 5.883 Thread 0x000002e3c1756070 DEOPT UNPACKING pc=0x000002e3d29046a2 sp=0x000000e7ecbfa7a0 mode 2
Event: 5.883 Thread 0x000002e3c1756070 Uncommon trap: trap_request=0xffffffd6 fr.pc=0x000002e3d2f97d48 relative=0x0000000000000828
Event: 5.883 Thread 0x000002e3c1756070 Uncommon trap: reason=array_check action=maybe_recompile pc=0x000002e3d2f97d48 method=java.util.AbstractCollection.toArray([Ljava/lang/Object;)[Ljava/lang/Object; @ 116 c2
Event: 5.883 Thread 0x000002e3c1756070 DEOPT PACKING pc=0x000002e3d2f97d48 sp=0x000000e7ecbf9e20
Event: 5.883 Thread 0x000002e3c1756070 DEOPT UNPACKING pc=0x000002e3d29046a2 sp=0x000000e7ecbf9de0 mode 2
Event: 5.883 Thread 0x000002e3c1756070 Uncommon trap: trap_request=0xffffffd6 fr.pc=0x000002e3d2f97d48 relative=0x0000000000000828
Event: 5.883 Thread 0x000002e3c1756070 Uncommon trap: reason=array_check action=maybe_recompile pc=0x000002e3d2f97d48 method=java.util.AbstractCollection.toArray([Ljava/lang/Object;)[Ljava/lang/Object; @ 116 c2
Event: 5.883 Thread 0x000002e3c1756070 DEOPT PACKING pc=0x000002e3d2f97d48 sp=0x000000e7ecbfa0a0
Event: 5.883 Thread 0x000002e3c1756070 DEOPT UNPACKING pc=0x000002e3d29046a2 sp=0x000000e7ecbfa060 mode 2
Event: 5.987 Thread 0x000002e3c1756070 Uncommon trap: trap_request=0xfffffff4 fr.pc=0x000002e3d302a8b4 relative=0x0000000000001014
Event: 5.988 Thread 0x000002e3c1756070 Uncommon trap: reason=null_check action=make_not_entrant pc=0x000002e3d302a8b4 method=org.springframework.beans.factory.support.DefaultSingletonBeanRegistry.getSingleton(Ljava/lang/String;Z)Ljava/lang/Object; @ 90 c2
Event: 5.988 Thread 0x000002e3c1756070 DEOPT PACKING pc=0x000002e3d302a8b4 sp=0x000000e7ecbfde80
Event: 5.988 Thread 0x000002e3c1756070 DEOPT UNPACKING pc=0x000002e3d29046a2 sp=0x000000e7ecbfde18 mode 2

Classes loaded (20 events):
Event: 5.190 Loading class java/util/EnumMap$EntrySet
Event: 5.190 Loading class java/util/EnumMap$EntrySet done
Event: 5.190 Loading class java/util/EnumMap$EntryIterator
Event: 5.190 Loading class java/util/EnumMap$EnumMapIterator
Event: 5.190 Loading class java/util/EnumMap$EnumMapIterator done
Event: 5.190 Loading class java/util/EnumMap$EntryIterator done
Event: 5.259 Loading class java/lang/LayerInstantiationException
Event: 5.259 Loading class java/lang/LayerInstantiationException done
Event: 5.259 Loading class jdk/internal/loader/Loader
Event: 5.259 Loading class jdk/internal/loader/Loader done
Event: 5.276 Loading class java/io/IOError
Event: 5.276 Loading class java/io/IOError done
Event: 5.287 Loading class java/util/AbstractMap$SimpleEntry
Event: 5.287 Loading class java/util/AbstractMap$SimpleEntry done
Event: 5.317 Loading class java/nio/channels/spi/AbstractInterruptibleChannel$1
Event: 5.317 Loading class java/nio/channels/spi/AbstractInterruptibleChannel$1 done
Event: 5.319 Loading class java/nio/ReadOnlyBufferException
Event: 5.319 Loading class java/nio/ReadOnlyBufferException done
Event: 5.321 Loading class java/util/zip/DataFormatException
Event: 5.321 Loading class java/util/zip/DataFormatException done

Classes unloaded (0 events):
No events

Classes redefined (0 events):
No events

Internal exceptions (20 events):
Event: 4.618 Thread 0x000002e3c1756070 Implicit null exception at 0x000002e3d30be297 to 0x000002e3d30be518
Event: 4.659 Thread 0x000002e3c1756070 Exception <a 'java/lang/IncompatibleClassChangeError'{0x0000000707867700}: Found class java.lang.Object, but interface was expected> (0x0000000707867700) 
thrown [s\open\src\hotspot\share\interpreter\linkResolver.cpp, line 840]
Event: 4.673 Thread 0x000002e3c1756070 Exception <a 'java/lang/IncompatibleClassChangeError'{0x000000071400c678}: Found class java.lang.Object, but interface was expected> (0x000000071400c678) 
thrown [s\open\src\hotspot\share\interpreter\linkResolver.cpp, line 840]
Event: 4.706 Thread 0x000002e3c1756070 Exception <a 'java/lang/IncompatibleClassChangeError'{0x000000071400e4d0}: Found class java.lang.Object, but interface was expected> (0x000000071400e4d0) 
thrown [s\open\src\hotspot\share\interpreter\linkResolver.cpp, line 840]
Event: 4.836 Thread 0x000002e3c1756070 Exception <a 'java/lang/IncompatibleClassChangeError'{0x0000000708defc20}: Found class java.lang.Object, but interface was expected> (0x0000000708defc20) 
thrown [s\open\src\hotspot\share\interpreter\linkResolver.cpp, line 840]
Event: 4.917 Thread 0x000002e3c1756070 Exception <a 'java/lang/NoSuchMethodError'{0x00000007086248b0}: 'java.lang.Object java.lang.invoke.DirectMethodHandle$Holder.newInvokeSpecial(java.lang.Object, java.lang.Object, java.lang.Object, java.lang.Object, java.lang.Object, java.lang.Object, java.lang.Object, java.lang.Object)'> (0x00000007086248b0) 
thrown [s\open\src\hotspot\share\interpreter\linkResolver.cpp, line 773]
Event: 4.999 Thread 0x000002e3c1756070 Exception <a 'java/lang/NoSuchMethodError'{0x00000007080ae040}: 'java.lang.Object java.lang.invoke.DirectMethodHandle$Holder.invokeVirtual(java.lang.Object, java.lang.Object, java.lang.Object, java.lang.Object, java.lang.Object, java.lang.Object, java.lang.Object)'> (0x00000007080ae040) 
thrown [s\open\src\hotspot\share\interpreter\linkResolver.cpp, line 773]
Event: 5.215 Thread 0x000002e3c1756070 Exception <a 'java/lang/IncompatibleClassChangeError'{0x000000070740d510}: Found class java.lang.Object, but interface was expected> (0x000000070740d510) 
thrown [s\open\src\hotspot\share\interpreter\linkResolver.cpp, line 840]
Event: 5.239 Thread 0x000002e3c1756070 Exception <a 'java/lang/NoSuchMethodError'{0x0000000707566350}: method resolution failed> (0x0000000707566350) 
thrown [s\open\src\hotspot\share\prims\methodHandles.cpp, line 1144]
Event: 5.253 Thread 0x000002e3c1756070 Exception <a 'java/lang/NoSuchMethodError'{0x0000000707258ee0}: method resolution failed> (0x0000000707258ee0) 
thrown [s\open\src\hotspot\share\prims\methodHandles.cpp, line 1144]
Event: 5.256 Thread 0x000002e3c1756070 Exception <a 'java/lang/NoSuchMethodError'{0x000000070727de48}: 'boolean java.lang.reflect.AccessibleObject.canAccess(java.lang.Object, java.lang.Class)'> (0x000000070727de48) 
thrown [s\open\src\hotspot\share\interpreter\linkResolver.cpp, line 773]
Event: 5.289 Thread 0x000002e3c1756070 Exception <a 'java/lang/NoSuchMethodError'{0x00000007073a7ac8}: 'boolean java.lang.reflect.AccessibleObject.trySetAccessible(java.lang.Class)'> (0x00000007073a7ac8) 
thrown [s\open\src\hotspot\share\interpreter\linkResolver.cpp, line 773]
Event: 5.459 Thread 0x000002e3ea16c5e0 Implicit null exception at 0x000002e3d3075800 to 0x000002e3d30758bc
Event: 5.607 Thread 0x000002e3ea170e10 Implicit null exception at 0x000002e3d31e4f6c to 0x000002e3d31e6ff8
Event: 5.607 Thread 0x000002e3ea1714a0 Implicit null exception at 0x000002e3d31e4f6c to 0x000002e3d31e6ff8
Event: 5.897 Thread 0x000002e3c1756070 Exception <a 'java/lang/NoSuchMethodError'{0x000000070feae3c8}: 'void java.lang.invoke.DirectMethodHandle$Holder.invokeVirtual(java.lang.Object, java.lang.Object, long)'> (0x000000070feae3c8) 
thrown [s\open\src\hotspot\share\interpreter\linkResolver.cpp, line 773]
Event: 5.982 Thread 0x000002e3c1756070 Exception <a 'java/lang/NoSuchMethodError'{0x000000070fa33130}: 'int java.lang.invoke.DirectMethodHandle$Holder.invokeStaticInit(java.lang.Object, java.lang.Object, java.lang.Object, java.lang.Object)'> (0x000000070fa33130) 
thrown [s\open\src\hotspot\share\interpreter\linkResolver.cpp, line 773]
Event: 5.987 Thread 0x000002e3c1756070 Implicit null exception at 0x000002e3d302a1ab to 0x000002e3d302a8a2
Event: 6.007 Thread 0x000002e3c1756070 Exception <a 'java/lang/NoSuchMethodError'{0x000000070fb05328}: 'java.lang.Object java.lang.invoke.DirectMethodHandle$Holder.invokeVirtual(java.lang.Object, java.lang.Object, java.lang.Object, java.lang.Object, java.lang.Object, java.lang.Object, java.lang.Object, java.lang.Object, java.lang.Object)'> (0x000000070fb05328) 
thrown [s\open\src\hotspot\share\interpreter\linkResolver.cpp, line 773]
Event: 6.046 Thread 0x000002e3c1756070 Exception <a 'java/lang/NoSuchMethodError'{0x000000070f871ca0}: 'java.lang.Object java.lang.invoke.DirectMethodHandle$Holder.invokeVirtual(java.lang.Object, java.lang.Object, java.lang.Object, java.lang.Object, java.lang.Object, java.lang.Object, java.lang.Object, java.lang.Object, java.lang.Object, java.lang.Object)'> (0x000000070f871ca0) 
thrown [s\open\src\hotspot\share\interpreter\linkResolver.cpp, line 773]

ZGC Phase Switch (0 events):
No events

VM Operations (20 events):
Event: 5.334 Executing VM operation: G1CollectForAllocation (G1 Evacuation Pause)
Event: 5.347 Executing VM operation: G1CollectForAllocation (G1 Evacuation Pause) done
Event: 5.445 Executing VM operation: HandshakeAllThreads (Deoptimize)
Event: 5.445 Executing VM operation: HandshakeAllThreads (Deoptimize) done
Event: 5.447 Executing VM operation: G1CollectForAllocation (G1 Evacuation Pause)
Event: 5.459 Executing VM operation: G1CollectForAllocation (G1 Evacuation Pause) done
Event: 5.537 Executing VM operation: G1CollectForAllocation (G1 Evacuation Pause)
Event: 5.545 Executing VM operation: G1CollectForAllocation (G1 Evacuation Pause) done
Event: 5.616 Executing VM operation: G1CollectForAllocation (G1 Evacuation Pause)
Event: 5.620 Executing VM operation: G1CollectForAllocation (G1 Evacuation Pause) done
Event: 5.659 Executing VM operation: G1PauseRemark
Event: 5.666 Executing VM operation: G1PauseRemark done
Event: 5.684 Executing VM operation: G1PauseCleanup
Event: 5.685 Executing VM operation: G1PauseCleanup done
Event: 5.695 Executing VM operation: G1CollectForAllocation (G1 Evacuation Pause)
Event: 5.701 Executing VM operation: G1CollectForAllocation (G1 Evacuation Pause) done
Event: 5.800 Executing VM operation: G1CollectForAllocation (G1 Evacuation Pause)
Event: 5.813 Executing VM operation: G1CollectForAllocation (G1 Evacuation Pause) done
Event: 5.925 Executing VM operation: HandshakeAllThreads (Deoptimize)
Event: 5.925 Executing VM operation: HandshakeAllThreads (Deoptimize) done

Events (20 events):
Event: 5.858 Thread 0x000002e3ea1700f0 Thread added: 0x000002e3ea1700f0
Event: 5.858 Thread 0x000002e3ea1714a0 Thread added: 0x000002e3ea1714a0
Event: 5.858 Thread 0x000002e3ea171b30 Thread added: 0x000002e3ea171b30
Event: 5.858 Thread 0x000002e3ea16cc70 Thread added: 0x000002e3ea16cc70
Event: 5.859 Thread 0x000002e3ea1721c0 Thread added: 0x000002e3ea1721c0
Event: 5.859 Thread 0x000002e3ea173c00 Thread added: 0x000002e3ea173c00
Event: 5.860 Thread 0x000002e3ea1714a0 Thread exited: 0x000002e3ea1714a0
Event: 5.860 Thread 0x000002e3ea16cc70 Thread exited: 0x000002e3ea16cc70
Event: 5.860 Thread 0x000002e3ea16fa60 Thread exited: 0x000002e3ea16fa60
Event: 5.860 Thread 0x000002e3ea170e10 Thread exited: 0x000002e3ea170e10
Event: 5.861 Thread 0x000002e3ea16f3d0 Thread exited: 0x000002e3ea16f3d0
Event: 5.861 Thread 0x000002e3ea171b30 Thread exited: 0x000002e3ea171b30
Event: 5.861 Thread 0x000002e3ea16d990 Thread exited: 0x000002e3ea16d990
Event: 5.861 Thread 0x000002e3ea16e6b0 Thread exited: 0x000002e3ea16e6b0
Event: 5.861 Thread 0x000002e3ea16c5e0 Thread exited: 0x000002e3ea16c5e0
Event: 5.861 Thread 0x000002e3ea1700f0 Thread exited: 0x000002e3ea1700f0
Event: 5.861 Thread 0x000002e3ea16ed40 Thread exited: 0x000002e3ea16ed40
Event: 5.861 Thread 0x000002e3ea16e020 Thread exited: 0x000002e3ea16e020
Event: 5.861 Thread 0x000002e3ea173c00 Thread exited: 0x000002e3ea173c00
Event: 5.861 Thread 0x000002e3ea1721c0 Thread exited: 0x000002e3ea1721c0


Dynamic libraries:
0x00007ff684650000 - 0x00007ff68465e000 	C:\Users\LENOVO\.jdks\openjdk-21.0.2\bin\java.exe
0x00007ffe85d30000 - 0x00007ffe85f47000 	C:\Windows\SYSTEM32\ntdll.dll
0x00007ffe84840000 - 0x00007ffe84904000 	C:\Windows\System32\KERNEL32.DLL
0x00007ffe835f0000 - 0x00007ffe8399d000 	C:\Windows\System32\KERNELBASE.dll
0x00007ffe830f0000 - 0x00007ffe83201000 	C:\Windows\System32\ucrtbase.dll
0x00007ffe75280000 - 0x00007ffe7529b000 	C:\Users\LENOVO\.jdks\openjdk-21.0.2\bin\VCRUNTIME140.dll
0x00007ffe628d0000 - 0x00007ffe628e8000 	C:\Users\LENOVO\.jdks\openjdk-21.0.2\bin\jli.dll
0x00007ffe84be0000 - 0x00007ffe84d8e000 	C:\Windows\System32\USER32.dll
0x00007ffe66140000 - 0x00007ffe663d3000 	C:\Windows\WinSxS\amd64_microsoft.windows.common-controls_6595b64144ccf1df_6.0.22621.3672_none_2713b9d173822955\COMCTL32.dll
0x00007ffe834d0000 - 0x00007ffe834f6000 	C:\Windows\System32\win32u.dll
0x00007ffe840e0000 - 0x00007ffe84187000 	C:\Windows\System32\msvcrt.dll
0x00007ffe83bb0000 - 0x00007ffe83bd9000 	C:\Windows\System32\GDI32.dll
0x00007ffe833b0000 - 0x00007ffe834c9000 	C:\Windows\System32\gdi32full.dll
0x00007ffe83050000 - 0x00007ffe830ea000 	C:\Windows\System32\msvcp_win.dll
0x00007ffe84a20000 - 0x00007ffe84a51000 	C:\Windows\System32\IMM32.DLL
0x00007ffe7ae50000 - 0x00007ffe7ae5c000 	C:\Users\LENOVO\.jdks\openjdk-21.0.2\bin\vcruntime140_1.dll
0x00007ffe581d0000 - 0x00007ffe5825e000 	C:\Users\LENOVO\.jdks\openjdk-21.0.2\bin\msvcp140.dll
0x00007ffe3a060000 - 0x00007ffe3ad77000 	C:\Users\LENOVO\.jdks\openjdk-21.0.2\bin\server\jvm.dll
0x00007ffe84020000 - 0x00007ffe840d2000 	C:\Windows\System32\ADVAPI32.dll
0x00007ffe84910000 - 0x00007ffe849b9000 	C:\Windows\System32\sechost.dll
0x00007ffe83210000 - 0x00007ffe83238000 	C:\Windows\System32\bcrypt.dll
0x00007ffe84ac0000 - 0x00007ffe84bd4000 	C:\Windows\System32\RPCRT4.dll
0x00007ffe844b0000 - 0x00007ffe84521000 	C:\Windows\System32\WS2_32.dll
0x00007ffe82f10000 - 0x00007ffe82f5d000 	C:\Windows\SYSTEM32\POWRPROF.dll
0x00007ffe7bad0000 - 0x00007ffe7bb04000 	C:\Windows\SYSTEM32\WINMM.dll
0x00007ffe7b2d0000 - 0x00007ffe7b2da000 	C:\Windows\SYSTEM32\VERSION.dll
0x00007ffe82e40000 - 0x00007ffe82e53000 	C:\Windows\SYSTEM32\UMPDC.dll
0x00007ffe82040000 - 0x00007ffe82058000 	C:\Windows\SYSTEM32\kernel.appcore.dll
0x00007ffe7ae10000 - 0x00007ffe7ae1a000 	C:\Users\LENOVO\.jdks\openjdk-21.0.2\bin\jimage.dll
0x00007ffe809e0000 - 0x00007ffe80c12000 	C:\Windows\SYSTEM32\DBGHELP.DLL
0x00007ffe83be0000 - 0x00007ffe83f6d000 	C:\Windows\System32\combase.dll
0x00007ffe84190000 - 0x00007ffe84267000 	C:\Windows\System32\OLEAUT32.dll
0x00007ffe765f0000 - 0x00007ffe76622000 	C:\Windows\SYSTEM32\dbgcore.DLL
0x00007ffe83570000 - 0x00007ffe835eb000 	C:\Windows\System32\bcryptPrimitives.dll
0x00007ffe6ce20000 - 0x00007ffe6ce2f000 	C:\Users\LENOVO\.jdks\openjdk-21.0.2\bin\instrument.dll
0x00007ffe61c70000 - 0x00007ffe61c8f000 	C:\Users\LENOVO\.jdks\openjdk-21.0.2\bin\java.dll
0x00007ffe85380000 - 0x00007ffe85be8000 	C:\Windows\System32\SHELL32.dll
0x00007ffe80f50000 - 0x00007ffe8184e000 	C:\Windows\SYSTEM32\windows.storage.dll
0x00007ffe80e10000 - 0x00007ffe80f4f000 	C:\Windows\SYSTEM32\wintypes.dll
0x00007ffe85bf0000 - 0x00007ffe85ce9000 	C:\Windows\System32\SHCORE.dll
0x00007ffe849c0000 - 0x00007ffe84a1e000 	C:\Windows\System32\shlwapi.dll
0x00007ffe82f80000 - 0x00007ffe82fa1000 	C:\Windows\SYSTEM32\profapi.dll
0x00007ffe58060000 - 0x00007ffe58137000 	C:\Users\LENOVO\.jdks\openjdk-21.0.2\bin\jsvml.dll
0x00007ffe61b00000 - 0x00007ffe61b18000 	C:\Users\LENOVO\.jdks\openjdk-21.0.2\bin\zip.dll
0x00007ffe6d440000 - 0x00007ffe6d450000 	C:\Users\LENOVO\.jdks\openjdk-21.0.2\bin\net.dll
0x00007ffe7e9f0000 - 0x00007ffe7eb26000 	C:\Windows\SYSTEM32\WINHTTP.dll
0x00007ffe824a0000 - 0x00007ffe82509000 	C:\Windows\system32\mswsock.dll
0x00007ffe61bb0000 - 0x00007ffe61bc6000 	C:\Users\LENOVO\.jdks\openjdk-21.0.2\bin\nio.dll
0x00007ffe61ae0000 - 0x00007ffe61afa000 	C:\Program Files\JetBrains\IntelliJ IDEA Community Edition 2023.3.3\bin\breakgen64.dll
0x00007ffe6cdc0000 - 0x00007ffe6cdc9000 	C:\Users\LENOVO\.jdks\openjdk-21.0.2\bin\extnet.dll
0x00007ffe692e0000 - 0x00007ffe692ee000 	C:\Users\LENOVO\.jdks\openjdk-21.0.2\bin\sunmscapi.dll
0x00007ffe83240000 - 0x00007ffe833a7000 	C:\Windows\System32\CRYPT32.dll
0x00007ffe82910000 - 0x00007ffe8293e000 	C:\Windows\SYSTEM32\ncrypt.dll
0x00007ffe828d0000 - 0x00007ffe82907000 	C:\Windows\SYSTEM32\NTASN1.dll
0x00007ffe827f0000 - 0x00007ffe8280b000 	C:\Windows\SYSTEM32\CRYPTSP.dll
0x00007ffe81fa0000 - 0x00007ffe81fd5000 	C:\Windows\system32\rsaenh.dll
0x00007ffe82540000 - 0x00007ffe82568000 	C:\Windows\SYSTEM32\USERENV.dll
0x00007ffe827d0000 - 0x00007ffe827dc000 	C:\Windows\SYSTEM32\CRYPTBASE.dll
0x00007ffe81ab0000 - 0x00007ffe81add000 	C:\Windows\SYSTEM32\IPHLPAPI.DLL
0x00007ffe84270000 - 0x00007ffe84279000 	C:\Windows\System32\NSI.dll
0x00007ffe6cbf0000 - 0x00007ffe6cbfa000 	C:\Users\LENOVO\.jdks\openjdk-21.0.2\bin\management.dll
0x00007ffe6cb50000 - 0x00007ffe6cb5b000 	C:\Users\LENOVO\.jdks\openjdk-21.0.2\bin\management_ext.dll
0x00007ffe83a60000 - 0x00007ffe83a68000 	C:\Windows\System32\PSAPI.DLL
0x00007ffe65f00000 - 0x00007ffe65f10000 	C:\Users\LENOVO\.jdks\openjdk-21.0.2\bin\verify.dll
0x00007ffe81ae0000 - 0x00007ffe81bd8000 	C:\Windows\SYSTEM32\DNSAPI.dll
0x00007ffe7b390000 - 0x00007ffe7b39a000 	C:\Windows\System32\rasadhlp.dll
0x00007ffe7b460000 - 0x00007ffe7b4e3000 	C:\Windows\System32\fwpuclnt.dll

dbghelp: loaded successfully - version: 4.0.5 - missing functions: none
symbol engine: initialized successfully - sym options: 0x614 - pdb path: .;C:\Users\LENOVO\.jdks\openjdk-21.0.2\bin;C:\Windows\SYSTEM32;C:\Windows\WinSxS\amd64_microsoft.windows.common-controls_6595b64144ccf1df_6.0.22621.3672_none_2713b9d173822955;C:\Users\LENOVO\.jdks\openjdk-21.0.2\bin\server;C:\Program Files\JetBrains\IntelliJ IDEA Community Edition 2023.3.3\bin

VM Arguments:
jvm_args: -javaagent:C:\Program Files\JetBrains\IntelliJ IDEA Community Edition 2023.3.3\lib\idea_rt.jar=56115:C:\Program Files\JetBrains\IntelliJ IDEA Community Edition 2023.3.3\bin -Dfile.encoding=UTF-8 -Dsun.stdout.encoding=UTF-8 -Dsun.stderr.encoding=UTF-8 
java_command: com.geethanjana.User.service.UserServiceApplication
java_class_path (initial): D:\git\ecloud-systems-user-crud\target\classes;C:\Users\LENOVO\.m2\repository\org\springframework\boot\spring-boot-starter-data-jpa\3.3.2\spring-boot-starter-data-jpa-3.3.2.jar;C:\Users\LENOVO\.m2\repository\org\springframework\boot\spring-boot-starter-aop\3.3.2\spring-boot-starter-aop-3.3.2.jar;C:\Users\LENOVO\.m2\repository\org\aspectj\aspectjweaver\1.9.22.1\aspectjweaver-1.9.22.1.jar;C:\Users\LENOVO\.m2\repository\org\springframework\boot\spring-boot-starter-jdbc\3.3.2\spring-boot-starter-jdbc-3.3.2.jar;C:\Users\LENOVO\.m2\repository\com\zaxxer\HikariCP\5.1.0\HikariCP-5.1.0.jar;C:\Users\LENOVO\.m2\repository\org\springframework\spring-jdbc\6.1.11\spring-jdbc-6.1.11.jar;C:\Users\LENOVO\.m2\repository\org\hibernate\orm\hibernate-core\6.5.2.Final\hibernate-core-6.5.2.Final.jar;C:\Users\LENOVO\.m2\repository\jakarta\persistence\jakarta.persistence-api\3.1.0\jakarta.persistence-api-3.1.0.jar;C:\Users\LENOVO\.m2\repository\jakarta\transaction\jakarta.transaction-api\2.0.1\jakarta.transaction-api-2.0.1.jar;C:\Users\LENOVO\.m2\repository\org\jboss\logging\jboss-logging\3.5.3.Final\jboss-logging-3.5.3.Final.jar;C:\Users\LENOVO\.m2\repository\org\hibernate\common\hibernate-commons-annotations\6.0.6.Final\hibernate-commons-annotations-6.0.6.Final.jar;C:\Users\LENOVO\.m2\repository\io\smallrye\jandex\3.1.2\jandex-3.1.2.jar;C:\Users\LENOVO\.m2\repository\com\fasterxml\classmate\1.7.0\classmate-1.7.0.jar;C:\Users\LENOVO\.m2\repository\net\bytebuddy\byte-buddy\1.14.18\byte-buddy-1.14.18.jar;C:\Users\LENOVO\.m2\repository\org\glassfish\jaxb\jaxb-runtime\4.0.5\jaxb-runtime-4.0.5.jar;C:\Users\LENOVO\.m2\repository\org\glassfish\jaxb\jaxb-core\4.0.5\jaxb-core-4.0.5.jar;C:\Users\LENOVO\.m2\repository\org\eclipse\angus\angus-activation\2.0.2\angus-activation-2.0.2.jar;C:\Users\LENOVO\.m2\repository\org\glassfish\jaxb\txw2\4.0.5\txw2-4.0.5.jar;C:\Users\LENOVO\.m2\repository\com\sun\istack\istack-commons-runtime\4.1.2\istack-commons-runtime-4.1.2.jar;C:\Users\LENOVO\.m2\repository\jakarta\inject\jakarta.inject-api\2.0.1\jakarta.inject-api-2.0.1.jar;C:\Users\LENOVO\.m2\repository\org\antlr\antlr4-runtime\4.13.0\antlr4-runtime-4.13.0.jar;C:\Users\LENOVO\.m2\repository\org\springframework\data\spring-data-jpa\3.3.2\spring-data-jpa-3.3.2.jar;C:\Users\LENOVO\.m2\repository\org\springframework\data\spring-data-commons\3.3.2\spring-data-commons-3.3.2.jar;C:\Users\LENOVO\.m2\repository\org\springframework\spring-orm\6.1.11\spring-orm-6.1.11.jar;C:\Users\LENOVO\.m2\repository\org\springframework\spring-context\6.1.11\spring-context-6.1.11.jar;C:\Users\LENOVO\.m2\repository\org\springframework\spring-tx\6.1.11\spring-tx-6.1.11.jar;C:\Users\LENOVO\.m2\repository\org\springframework\spring-beans\6.1.11\spring-beans-6.1.11.jar;C:\Users\LENOVO\.m2\repository\jakarta\annotation\jakarta.annotation-api\2.1.1\jakarta.annotation-api-2.1.1.jar;C:\Users\LENOVO\.m2\repository\org\slf4j\slf4j-api\2.0.13\slf4j-api-2.0.13.jar;C:\Users\LENOVO\.m2\repository\org\springframework\spring-aspects\6.1.11\spring-aspects-6.1.11.jar;C:\Users\LENOVO\.m2\repository\org\springframework\boot\spring-boot-starter-web\3.3.2\spring-boot-starter-web-3.3.2.jar;C:\Users\LENOVO\.m2\repository\org\springframework\boot\spring-boot-starter\3.3.2\spring-boot-starter-3.3.2.jar;C:\Users\LENOVO\.m2\repository\org\springframework\boot\spring-boot\3.3.2\spring-boot-3.3.2.jar;C:\Users\LENOVO\.m2\repository\org\springframework\boot\spring-boot-autoconfigure\3.3.2\spring-boot-autoconfigure-3.3.2.jar;C:\Users\LENOVO\.m2\repository\org\springframework\boot\spring-boot-starter-logging\3.3.2\spring-boot-starter-logging-3.3.2.jar;C:\Users\LENOVO\.m2\repository\ch\qos\logback\logback-classic\1.5.6\logback-classic-1.5.6.jar;C:\Users\LENOVO\.m2\repository\ch\qos\logback\logback-core\1.5.6\logback-core-1.5.6.jar;C:\Users\LENOVO\.m2\repository\org\apache\logging\log4j\log4j-to-slf4j\2.23.1\log4j-to-slf4j-2.23.1.jar;C:\Users\LENOVO\.m2\repository\org\apache\logging\log4j\log4j-api\2.23.1\log4j-api-2.23.1.jar;C:\Users\LENOVO\.m2\repository\org\slf4j\jul-to-slf4j\2.0.13\jul-to-slf4j-2.0.13.jar;C:\Users\LENOVO\.m2\repository\org\yaml\snakeyaml\2.2\snakeyaml-2.2.jar;C:\Users\LENOVO\.m2\repository\org\springframework\boot\spring-boot-starter-json\3.3.2\spring-boot-starter-json-3.3.2.jar;C:\Users\LENOVO\.m2\repository\com\fasterxml\jackson\core\jackson-databind\2.17.2\jackson-databind-2.17.2.jar;C:\Users\LENOVO\.m2\repository\com\fasterxml\jackson\core\jackson-annotations\2.17.2\jackson-annotations-2.17.2.jar;C:\Users\LENOVO\.m2\repository\com\fasterxml\jackson\datatype\jackson-datatype-jdk8\2.17.2\jackson-datatype-jdk8-2.17.2.jar;C:\Users\LENOVO\.m2\repository\com\fasterxml\jackson\datatype\jackson-datatype-jsr310\2.17.2\jackson-datatype-jsr310-2.17.2.jar;C:\Users\LENOVO\.m2\repository\com\fasterxml\jackson\module\jackson-module-parameter-names\2.17.2\jackson-module-parameter-names-2.17.2.jar;C:\Users\LENOVO\.m2\repository\org\springframework\boot\spring-boot-starter-tomcat\3.3.2\spring-boot-starter-tomcat-3.3.2.jar;C:\Users\LENOVO\.m2\repository\org\apache\tomcat\embed\tomcat-embed-core\10.1.26\tomcat-embed-core-10.1.26.jar;C:\Users\LENOVO\.m2\repository\org\apache\tomcat\embed\tomcat-embed-el\10.1.26\tomcat-embed-el-10.1.26.jar;C:\Users\LENOVO\.m2\repository\org\apache\tomcat\embed\tomcat-embed-websocket\10.1.26\tomcat-embed-websocket-10.1.26.jar;C:\Users\LENOVO\.m2\repository\org\springframework\spring-web\6.1.11\spring-web-6.1.11.jar;C:\Users\LENOVO\.m2\repository\io\micrometer\micrometer-observation\1.13.2\micrometer-observation-1.13.2.jar;C:\Users\LENOVO\.m2\repository\io\micrometer\micrometer-commons\1.13.2\micrometer-commons-1.13.2.jar;C:\Users\LENOVO\.m2\repository\org\springframework\spring-webmvc\6.1.11\spring-webmvc-6.1.11.jar;C:\Users\LENOVO\.m2\repository\org\springframework\spring-expression\6.1.11\spring-expression-6.1.11.jar;C:\Users\LENOVO\.m2\repository\com\mysql\mysql-connector-j\8.3.0\mysql-connector-j-8.3.0.jar;C:\Users\LENOVO\.m2\repository\org\projectlombok\lombok\1.18.34\lombok-1.18.34.jar;C:\Users\LENOVO\.m2\repository\jakarta\xml\bind\jakarta.xml.bind-api\4.0.2\jakarta.xml.bind-api-4.0.2.jar;C:\Users\LENOVO\.m2\repository\jakarta\activation\jakarta.activation-api\2.1.3\jakarta.activation-api-2.1.3.jar;C:\Users\LENOVO\.m2\repository\org\springframework\spring-core\6.1.11\spring-core-6.1.11.jar;C:\Users\LENOVO\.m2\repository\org\springframework\spring-jcl\6.1.11\spring-jcl-6.1.11.jar;C:\Users\LENOVO\.m2\repository\org\modelmapper\modelmapper\3.1.1\modelmapper-3.1.1.jar;C:\Users\LENOVO\.m2\repository\org\springdoc\springdoc-openapi-starter-webmvc-ui\2.2.0\springdoc-openapi-starter-webmvc-ui-2.2.0.jar;C:\Users\LENOVO\.m2\repository\org\springdoc\springdoc-openapi-starter-webmvc-api\2.2.0\springdoc-openapi-starter-webmvc-api-2.2.0.jar;C:\Users\LENOVO\.m2\repository\org\springdoc\springdoc-openapi-starter-common\2.2.0\springdoc-openapi-starter-common-2.2.0.jar;C:\Users\LENOVO\.m2\repository\io\swagger\core\v3\swagger-core-jakarta\2.2.15\swagger-core-jakarta-2.2.15.jar;C:\Users\LENOVO\.m2\repository\org\apache\commons\commons-lang3\3.14.0\commons-lang3-3.14.0.jar;C:\Users\LENOVO\.m2\repository\io\swagger\core\v3\swagger-annotations-jakarta\2.2.15\swagger-annotations-jakarta-2.2.15.jar;C:\Users\LENOVO\.m2\repository\io\swagger\core\v3\swagger-models-jakarta\2.2.15\swagger-models-jakarta-2.2.15.jar;C:\Users\LENOVO\.m2\repository\jakarta\validation\jakarta.validation-api\3.0.2\jakarta.validation-api-3.0.2.jar;C:\Users\LENOVO\.m2\repository\com\fasterxml\jackson\dataformat\jackson-dataformat-yaml\2.17.2\jackson-dataformat-yaml-2.17.2.jar;C:\Users\LENOVO\.m2\repository\org\webjars\swagger-ui\5.2.0\swagger-ui-5.2.0.jar;C:\Users\LENOVO\.m2\repository\org\springdoc\springdoc-openapi-ui\1.6.6\springdoc-openapi-ui-1.6.6.jar;C:\Users\LENOVO\.m2\repository\org\springdoc\springdoc-openapi-webmvc-core\1.6.6\springdoc-openapi-webmvc-core-1.6.6.jar;C:\Users\LENOVO\.m2\repository\org\springdoc\springdoc-openapi-common\1.6.6\springdoc-openapi-common-1.6.6.jar;C:\Users\LENOVO\.m2\repository\io\swagger\core\v3\swagger-core\2.1.12\swagger-core-2.1.12.jar;C:\Users\LENOVO\.m2\repository\io\swagger\core\v3\swagger-annotations\2.1.12\swagger-annotations-2.1.12.jar;C:\Users\LENOVO\.m2\repository\io\swagger\core\v3\swagger-models\2.1.12\swagger-models-2.1.12.jar;C:\Users\LENOVO\.m2\repository\org\webjars\webjars-locator-core\0.58\webjars-locator-core-0.58.jar;C:\Users\LENOVO\.m2\repository\com\fasterxml\jackson\core\jackson-core\2.17.2\jackson-core-2.17.2.jar;C:\Users\LENOVO\.m2\repository\io\github\classgraph\classgraph\4.8.138\classgraph-4.8.138.jar;C:\Users\LENOVO\.m2\repository\org\springframework\boot\spring-boot-starter-security\3.3.2\spring-boot-starter-security-3.3.2.jar;C:\Users\LENOVO\.m2\repository\org\springframework\spring-aop\6.1.11\spring-aop-6.1.11.jar;C:\Users\LENOVO\.m2\repository\org\springframework\security\spring-security-config\6.3.1\spring-security-config-6.3.1.jar;C:\Users\LENOVO\.m2\repository\org\springframework\security\spring-security-web\6.3.1\spring-security-web-6.3.1.jar;C:\Users\LENOVO\.m2\repository\org\springframework\security\spring-security-core\6.3.1\spring-security-core-6.3.1.jar;C:\Users\LENOVO\.m2\repository\org\springframework\security\spring-security-crypto\6.3.1\spring-security-crypto-6.3.1.jar
Launcher Type: SUN_STANDARD

[Global flags]
     intx CICompilerCount                          = 4                                         {product} {ergonomic}
     uint ConcGCThreads                            = 2                                         {product} {ergonomic}
     uint G1ConcRefinementThreads                  = 8                                         {product} {ergonomic}
   size_t G1HeapRegionSize                         = 2097152                                   {product} {ergonomic}
    uintx GCDrainStackTargetSize                   = 64                                        {product} {ergonomic}
   size_t InitialHeapSize                          = 264241152                                 {product} {ergonomic}
   size_t MarkStackSize                            = 4194304                                   {product} {ergonomic}
   size_t MaxHeapSize                              = 4221566976                                {product} {ergonomic}
   size_t MaxNewSize                               = 2531262464                                {product} {ergonomic}
   size_t MinHeapDeltaBytes                        = 2097152                                   {product} {ergonomic}
   size_t MinHeapSize                              = 8388608                                   {product} {ergonomic}
    uintx NonNMethodCodeHeapSize                   = 5839372                                {pd product} {ergonomic}
    uintx NonProfiledCodeHeapSize                  = 122909434                              {pd product} {ergonomic}
    uintx ProfiledCodeHeapSize                     = 122909434                              {pd product} {ergonomic}
    uintx ReservedCodeCacheSize                    = 251658240                              {pd product} {ergonomic}
     bool SegmentedCodeCache                       = true                                      {product} {ergonomic}
   size_t SoftMaxHeapSize                          = 4221566976                             {manageable} {ergonomic}
     bool UseCompressedOops                        = true                           {product lp64_product} {ergonomic}
     bool UseG1GC                                  = true                                      {product} {ergonomic}
     bool UseLargePagesIndividualAllocation        = false                                  {pd product} {ergonomic}

Logging:
Log output configuration:
 #0: stdout all=warning uptime,level,tags foldmultilines=false
 #1: stderr all=off uptime,level,tags foldmultilines=false

Environment Variables:
PATH=C:\Program Files\Common Files\Oracle\Java\javapath;C:\Windows\system32;C:\Windows;C:\Windows\System32\Wbem;C:\Windows\System32\WindowsPowerShell\v1.0\;C:\Windows\System32\OpenSSH\;C:\Program Files\Docker\Docker\resources\bin;C:\Program Files\Git\cmd;C:\xampp\php;C:\composer;C:\Program Files\nodejs\;C:\Users\LENOVO\AppData\Local\Programs\Python\Python312\Scripts\;C:\Users\LENOVO\AppData\Local\Programs\Python\Python312\;C:\Users\LENOVO\AppData\Local\Microsoft\WindowsApps;C:\Program Files\JetBrains\IntelliJ IDEA Community Edition 2023.3.3\bin;;C:\Users\LENOVO\AppData\Local\GitHubDesktop\bin;C:\Users\LENOVO\AppData\Local\Programs\Microsoft VS Code\bin;C:\Users\LENOVO\AppData\Roaming\Composer\vendor\bin;C:\Users\LENOVO\AppData\Roaming\npm
USERNAME=LENOVO
OS=Windows_NT
PROCESSOR_IDENTIFIER=Intel64 Family 6 Model 142 Stepping 12, GenuineIntel
TMP=C:\Users\LENOVO\AppData\Local\Temp
TEMP=C:\Users\LENOVO\AppData\Local\Temp




Periodic native trim disabled

---------------  S Y S T E M  ---------------

OS:
 Windows 11 , 64 bit Build 22621 (10.0.22621.3958)
OS uptime: 1 days 20:45 hours
Hyper-V role detected

CPU: total 8 (initial active 8) (4 cores per cpu, 2 threads per core) family 6 model 142 stepping 12 microcode 0xde, cx8, cmov, fxsr, ht, mmx, 3dnowpref, sse, sse2, sse3, ssse3, sse4.1, sse4.2, popcnt, lzcnt, tsc, tscinvbit, avx, avx2, aes, erms, clmul, bmi1, bmi2, adx, fma, vzeroupper, clflush, clflushopt, hv, rdtscp, f16c
Processor Information for all 8 processors :
  Max Mhz: 2304, Current Mhz: 1803, Mhz Limit: 1797

Memory: 4k page, system-wide physical 16103M (4325M free)
TotalPageFile size 23015M (AvailPageFile size 6678M)
current process WorkingSet (physical memory assigned to process): 339M, peak: 342M
current process commit charge ("private bytes"): 455M, peak: 459M

vm_info: OpenJDK 64-Bit Server VM (21.0.2+13-58) for windows-amd64 JRE (21.0.2+13-58), built on 2024-01-05T18:32:24Z by "mach5one" with MS VC++ 17.1 (VS2022)

END.
