#
# A fatal error has been detected by the Java Runtime Environment:
#
#  EXCEPTION_ACCESS_VIOLATION (0xc0000005) at pc=0x00007ffe3a41abc0, pid=18220, tid=21524
#
# JRE version: OpenJDK Runtime Environment (21.0.2+13) (build 21.0.2+13-58)
# Java VM: OpenJDK 64-Bit Server VM (21.0.2+13-58, mixed mode, sharing, tiered, compressed oops, compressed class ptrs, g1 gc, windows-amd64)
# Problematic frame:
# V  [jvm.dll+0x3babc0]
#
# No core dump will be written. Minidumps are not enabled by default on client versions of Windows
#
# If you would like to submit a bug report, please visit:
#   https://bugreport.java.com/bugreport/crash.jsp
#

---------------  S U M M A R Y ------------

Command Line: -javaagent:C:\Program Files\JetBrains\IntelliJ IDEA Community Edition 2023.3.3\lib\idea_rt.jar=56139:C:\Program Files\JetBrains\IntelliJ IDEA Community Edition 2023.3.3\bin -Dfile.encoding=UTF-8 -Dsun.stdout.encoding=UTF-8 -Dsun.stderr.encoding=UTF-8 com.geethanjana.User.service.UserServiceApplication

Host: Intel(R) Core(TM) i7-10610U CPU @ 1.80GHz, 8 cores, 15G,  Windows 11 , 64 bit Build 22621 (10.0.22621.3958)
Time: Sat Aug 17 22:19:58 2024 Arabian Standard Time elapsed time: 5.412932 seconds (0d 0h 0m 5s)

---------------  T H R E A D  ---------------

Current thread (0x000001d4a8acee20):  JavaThread "C2 CompilerThread0" daemon [_thread_in_native, id=21524, stack(0x000000950c100000,0x000000950c200000) (1024K)]


Current CompileTask:
C2:   5412 5497       4       org.springframework.core.annotation.TypeMappedAnnotations::get (52 bytes)

Stack: [0x000000950c100000,0x000000950c200000],  sp=0x000000950c1fce60,  free space=1011k
Native frames: (J=compiled Java code, j=interpreted, Vv=VM code, C=native code)
V  [jvm.dll+0x3babc0]
V  [jvm.dll+0x3b3ed8]
V  [jvm.dll+0x1e2250]
V  [jvm.dll+0x249d22]
V  [jvm.dll+0x2491b1]
V  [jvm.dll+0x1c9634]
V  [jvm.dll+0x258859]
V  [jvm.dll+0x256e3a]
V  [jvm.dll+0x3ef6c6]
V  [jvm.dll+0x7ff568]
V  [jvm.dll+0x6c953d]
C  [ucrtbase.dll+0x29333]
C  [KERNEL32.DLL+0x1257d]
C  [ntdll.dll+0x5af28]


siginfo: EXCEPTION_ACCESS_VIOLATION (0xc0000005), reading address 0x00003ffe3ac84e60


Registers:
RAX=0x0000000000000000, RBX=0x000000000000001b, RCX=0x0000000000000000, RDX=0x00003ffe3ac84e60
RSP=0x000000950c1fce60, RBP=0x00007ffe3ac84e60, RSI=0x0000000000000002, RDI=0x000000950c1fceb0
R8 =0x0000000000001800, R9 =0x0000000000000004, R10=0x000001d4ee970e98, R11=0x0000000000000001
R12=0x0000000000000001, R13=0x0000000000000000, R14=0x0000000000001828, R15=0x0000000000001828
RIP=0x00007ffe3a41abc0, EFLAGS=0x0000000000010246


Register to memory mapping:

RAX=0x0 is null
RBX=0x000000000000001b is an unknown value
RCX=0x0 is null
RDX=0x00003ffe3ac84e60 is an unknown value
RSP=0x000000950c1fce60 is pointing into the stack for thread: 0x000001d4a8acee20
RBP=0x00007ffe3ac84e60 jvm.dll
RSI=0x0000000000000002 is an unknown value
RDI=0x000000950c1fceb0 is pointing into the stack for thread: 0x000001d4a8acee20
R8 =0x0000000000001800 is an unknown value
R9 =0x0000000000000004 is an unknown value
R10=0x000001d4ee970e98 points into unknown readable memory: 0x0000000000000000 | 00 00 00 00 00 00 00 00
R11=0x0000000000000001 is an unknown value
R12=0x0000000000000001 is an unknown value
R13=0x0 is null
R14=0x0000000000001828 is an unknown value
R15=0x0000000000001828 is an unknown value

Top of Stack: (sp=0x000000950c1fce60)
0x000000950c1fce60:   00000000000024df 00007ffe3a41ad14
0x000000950c1fce70:   000001d4f3c98310 000001d4a8ac3200
0x000000950c1fce80:   0000000000000019 00007ffe3a413ed8
0x000000950c1fce90:   0000000000000014 000000950c1fcfe0
0x000000950c1fcea0:   0000000000000002 000000950c1fcfe0
0x000000950c1fceb0:   0000000000000000 000000010000182c
0x000000950c1fcec0:   0000002300000019 00003ffe3ac84e60
0x000000950c1fced0:   000001d4f2b5c630 000001d4f2df2950
0x000000950c1fcee0:   000000950c1fd460 000001d4f1db8380
0x000000950c1fcef0:   000001d4f1db8370 0000000000000001
0x000000950c1fcf00:   000000950c1fd010 00007ffe3a242250
0x000000950c1fcf10:   000000950c1fd380 000001d4f1db8758
0x000000950c1fcf20:   0000000000000000 000001d4f1db8370
0x000000950c1fcf30:   000000000000b300 000000000000000e
0x000000950c1fcf40:   0000000000000007 000001d4f1db8370
0x000000950c1fcf50:   000001d4f0e11da0 000001d4f0e17090
0x000000950c1fcf60:   000001d4f0e19d88 00000000008e8cd8
0x000000950c1fcf70:   000001d4f1db8380 00007ffe83101966
0x000000950c1fcf80:   0000000000000000 0000000000000000
0x000000950c1fcf90:   000001d4a8ac32f0 0000000000000000
0x000000950c1fcfa0:   000000000000a248 00007ffe3aa0b670
0x000000950c1fcfb0:   0000000000000000 000000950c1fe870
0x000000950c1fcfc0:   0000000000000000 00007ffe3aa0b670
0x000000950c1fcfd0:   000001d4a8ac3200 00007ffe3a123f0e
0x000000950c1fcfe0:   000000000000000c 000000950c1fe870
0x000000950c1fcff0:   000001d4f2d01050 000001d4a8ac3201
0x000000950c1fd000:   000001d4f2e82050 000001d4000024e4
0x000000950c1fd010:   000000950c1fcf40 000001d4f1db8380
0x000000950c1fd020:   00007ffe3aa0b640 000000000000000d
0x000000950c1fd030:   000000950c1fe870 000000950c1fd380
0x000000950c1fd040:   000001d400002cce 000001d4a8ac32f0
0x000000950c1fd050:   000000000000000a 000000950c1fe870 

Instructions: (pc=0x00007ffe3a41abc0)
0x00007ffe3a41aac0:   48 8b 8e d8 08 00 00 48 85 c9 75 0c e8 af 0a 00
0x00007ffe3a41aad0:   00 48 8b 8e d8 08 00 00 48 8b 01 0f 57 c0 48 89
0x00007ffe3a41aae0:   86 d8 08 00 00 0f 11 01 0f 11 41 10 0f 10 45 00
0x00007ffe3a41aaf0:   0f 11 01 0f 10 4d 10 0f 11 49 10 48 8b 43 08 49
0x00007ffe3a41ab00:   89 0c 06 48 8d 0d 56 a3 86 00 ff c7 ba 70 00 00
0x00007ffe3a41ab10:   00 3b bb 90 00 00 00 0f 82 63 ff ff ff 4c 8b 74
0x00007ffe3a41ab20:   24 60 4c 8b 64 24 58 48 8b 6c 24 50 48 8b c3 48
0x00007ffe3a41ab30:   83 c4 20 41 5f 41 5d 5f 5e 5b c3 cc cc cc cc cc
0x00007ffe3a41ab40:   48 89 74 24 18 57 48 83 ec 20 8b 51 0c 48 8b f9
0x00007ffe3a41ab50:   83 fa 04 73 29 48 8b 49 18 0f 1f 80 00 00 00 00
0x00007ffe3a41ab60:   8b c2 44 8d 4a 01 48 83 3c c1 00 4c 8d 14 c1 0f
0x00007ffe3a41ab70:   85 91 00 00 00 41 8b d1 41 83 f9 04 72 e2 48 89
0x00007ffe3a41ab80:   5c 24 30 8b 5f 10 48 89 6c 24 38 3b 5f 14 73 5f
0x00007ffe3a41ab90:   48 8d 2d c9 a2 86 00 66 0f 1f 84 00 00 00 00 00
0x00007ffe3a41aba0:   48 8b 47 20 8b cb 48 8b 14 c8 48 3b d5 74 39 33
0x00007ffe3a41abb0:   c0 48 89 57 18 33 c9 66 0f 1f 84 00 00 00 00 00
0x00007ffe3a41abc0:   48 83 3c 11 00 44 8d 48 01 75 78 48 83 c1 08 41
0x00007ffe3a41abd0:   8b c1 41 83 f9 04 72 e8 48 8b 4f 28 48 85 c9 74
0x00007ffe3a41abe0:   07 8b d3 e8 58 01 00 00 ff c3 3b 5f 14 72 b1 33
0x00007ffe3a41abf0:   c0 48 8b 5c 24 30 48 8b 6c 24 38 48 8b 74 24 40
0x00007ffe3a41ac00:   48 83 c4 20 5f c3 8b 47 10 48 8b 74 24 40 44 8d
0x00007ffe3a41ac10:   04 82 41 c1 e0 06 41 81 c0 00 ff ff ff 44 89 47
0x00007ffe3a41ac20:   08 49 8b 12 48 0f bc c2 44 89 4f 0c 8b c8 48 d3
0x00007ffe3a41ac30:   ea 48 ff ca 41 03 c0 48 89 17 89 47 08 48 83 c4
0x00007ffe3a41ac40:   20 5f c3 8b c8 44 8d 04 98 41 c1 e0 06 8d 43 01
0x00007ffe3a41ac50:   44 89 47 08 48 8b 14 ca 89 47 10 48 0f bc c2 44
0x00007ffe3a41ac60:   89 4f 0c 8b c8 48 d3 ea 48 ff ca 41 03 c0 48 89
0x00007ffe3a41ac70:   17 89 47 08 e9 78 ff ff ff cc cc cc cc cc cc cc
0x00007ffe3a41ac80:   40 53 48 83 ec 20 65 48 8b 04 25 58 00 00 00 8b
0x00007ffe3a41ac90:   0d 13 1a 8b 00 48 8b 1c c8 b8 70 00 00 00 80 3c
0x00007ffe3a41aca0:   18 00 75 05 e8 b7 bc 53 00 b8 20 00 00 00 48 8b
0x00007ffe3a41acb0:   04 18 48 8b 88 68 06 00 00 48 8b 99 80 00 00 00 


Stack slot to memory mapping:

stack at sp + 0 slots: 0x00000000000024df is an unknown value
stack at sp + 1 slots: 0x00007ffe3a41ad14 jvm.dll
stack at sp + 2 slots: 0x000001d4f3c98310 points into unknown readable memory: 0xf0e0d0c00d000112 | 12 01 00 0d c0 d0 e0 f0
stack at sp + 3 slots: 0x000001d4a8ac3200 points into unknown readable memory: 0x00007ffe3aa9fa00 | 00 fa a9 3a fe 7f 00 00
stack at sp + 4 slots: 0x0000000000000019 is an unknown value
stack at sp + 5 slots: 0x00007ffe3a413ed8 jvm.dll
stack at sp + 6 slots: 0x0000000000000014 is an unknown value
stack at sp + 7 slots: 0x000000950c1fcfe0 is pointing into the stack for thread: 0x000001d4a8acee20


---------------  P R O C E S S  ---------------

Threads class SMR info:
_java_thread_list=0x000001d4ee347830, length=34, elements={
0x000001d489a54aa0, 0x000001d4a8ab9850, 0x000001d4a8aba920, 0x000001d4a8abcfc0,
0x000001d4a8abfd90, 0x000001d4a8ac0b50, 0x000001d4a8ac16e0, 0x000001d4a8acee20,
0x000001d4a8af1900, 0x000001d4a8cc8370, 0x000001d4a8e757a0, 0x000001d4ee00a300,
0x000001d4ee07c320, 0x000001d4f0dce320, 0x000001d4f0ab3ea0, 0x000001d4efcaf030,
0x000001d4ef65bb80, 0x000001d4f12ee440, 0x000001d4f1004670, 0x000001d4a8e75e50,
0x000001d4f0369180, 0x000001d4f036b8e0, 0x000001d4f0369810, 0x000001d4f036bf70,
0x000001d4f0368af0, 0x000001d4f0369ea0, 0x000001d4f036a530, 0x000001d4efe034a0,
0x000001d4efe041c0, 0x000001d4efe013d0, 0x000001d4efe006b0, 0x000001d4efe03b30,
0x000001d4efe05570, 0x000001d4efdfec70
}

Java Threads: ( => current thread )
  0x000001d489a54aa0 JavaThread "main"                              [_thread_blocked, id=17804, stack(0x000000950b300000,0x000000950b400000) (1024K)]
  0x000001d4a8ab9850 JavaThread "Reference Handler"          daemon [_thread_blocked, id=1964, stack(0x000000950bb00000,0x000000950bc00000) (1024K)]
  0x000001d4a8aba920 JavaThread "Finalizer"                  daemon [_thread_blocked, id=21512, stack(0x000000950bc00000,0x000000950bd00000) (1024K)]
  0x000001d4a8abcfc0 JavaThread "Signal Dispatcher"          daemon [_thread_blocked, id=21520, stack(0x000000950bd00000,0x000000950be00000) (1024K)]
  0x000001d4a8abfd90 JavaThread "Attach Listener"            daemon [_thread_blocked, id=12840, stack(0x000000950be00000,0x000000950bf00000) (1024K)]
  0x000001d4a8ac0b50 JavaThread "Service Thread"             daemon [_thread_blocked, id=116, stack(0x000000950bf00000,0x000000950c000000) (1024K)]
  0x000001d4a8ac16e0 JavaThread "Monitor Deflation Thread"   daemon [_thread_blocked, id=14748, stack(0x000000950c000000,0x000000950c100000) (1024K)]
=>0x000001d4a8acee20 JavaThread "C2 CompilerThread0"         daemon [_thread_in_native, id=21524, stack(0x000000950c100000,0x000000950c200000) (1024K)]
  0x000001d4a8af1900 JavaThread "C1 CompilerThread0"         daemon [_thread_blocked, id=21508, stack(0x000000950c200000,0x000000950c300000) (1024K)]
  0x000001d4a8cc8370 JavaThread "Common-Cleaner"             daemon [_thread_blocked, id=21528, stack(0x000000950c300000,0x000000950c400000) (1024K)]
  0x000001d4a8e757a0 JavaThread "C2 CompilerThread1"         daemon [_thread_in_native, id=17332, stack(0x000000950c400000,0x000000950c500000) (1024K)]
  0x000001d4ee00a300 JavaThread "Monitor Ctrl-Break"         daemon [_thread_in_native, id=18448, stack(0x000000950c600000,0x000000950c700000) (1024K)]
  0x000001d4ee07c320 JavaThread "Notification Thread"        daemon [_thread_blocked, id=12988, stack(0x000000950c700000,0x000000950c800000) (1024K)]
  0x000001d4f0dce320 JavaThread "Catalina-utility-1"                [_thread_blocked, id=11196, stack(0x000000950d000000,0x000000950d100000) (1024K)]
  0x000001d4f0ab3ea0 JavaThread "Catalina-utility-2"                [_thread_blocked, id=22088, stack(0x000000950d100000,0x000000950d200000) (1024K)]
  0x000001d4efcaf030 JavaThread "container-0"                       [_thread_blocked, id=22080, stack(0x000000950d200000,0x000000950d300000) (1024K)]
  0x000001d4ef65bb80 JavaThread "mysql-cj-abandoned-connection-cleanup" daemon [_thread_blocked, id=6888, stack(0x000000950d300000,0x000000950d400000) (1024K)]
  0x000001d4f12ee440 JavaThread "HikariPool-1 housekeeper"   daemon [_thread_blocked, id=15300, stack(0x000000950d500000,0x000000950d600000) (1024K)]
  0x000001d4f1004670 JavaThread "HikariPool-1 connection adder" daemon [_thread_blocked, id=16224, stack(0x000000950d600000,0x000000950d700000) (1024K)]
  0x000001d4a8e75e50 JavaThread "C2 CompilerThread2"         daemon [_thread_in_native, id=1472, stack(0x000000950c500000,0x000000950c600000) (1024K)]
  0x000001d4f0369180 JavaThread "ClassGraph-worker-0"        daemon [_thread_blocked, id=22232, stack(0x000000950d700000,0x000000950d800000) (1024K)]
  0x000001d4f036b8e0 JavaThread "ClassGraph-worker-1"        daemon [_thread_in_Java, id=21612, stack(0x000000950d800000,0x000000950d900000) (1024K)]
  0x000001d4f0369810 JavaThread "ClassGraph-worker-2"        daemon [_thread_blocked, id=22260, stack(0x000000950d900000,0x000000950da00000) (1024K)]
  0x000001d4f036bf70 JavaThread "ClassGraph-worker-3"        daemon [_thread_blocked, id=6016, stack(0x000000950da00000,0x000000950db00000) (1024K)]
  0x000001d4f0368af0 JavaThread "ClassGraph-worker-4"        daemon [_thread_in_Java, id=21648, stack(0x000000950db00000,0x000000950dc00000) (1024K)]
  0x000001d4f0369ea0 JavaThread "ClassGraph-worker-5"        daemon [_thread_blocked, id=22280, stack(0x000000950dc00000,0x000000950dd00000) (1024K)]
  0x000001d4f036a530 JavaThread "ClassGraph-worker-6"        daemon [_thread_blocked, id=8864, stack(0x000000950dd00000,0x000000950de00000) (1024K)]
  0x000001d4efe034a0 JavaThread "ClassGraph-worker-7"        daemon [_thread_in_Java, id=10876, stack(0x000000950de00000,0x000000950df00000) (1024K)]
  0x000001d4efe041c0 JavaThread "ClassGraph-worker-8"        daemon [_thread_in_Java, id=2476, stack(0x000000950df00000,0x000000950e000000) (1024K)]
  0x000001d4efe013d0 JavaThread "ClassGraph-worker-9"        daemon [_thread_in_Java, id=22184, stack(0x000000950e000000,0x000000950e100000) (1024K)]
  0x000001d4efe006b0 JavaThread "ClassGraph-worker-10"       daemon [_thread_in_Java, id=22148, stack(0x000000950e100000,0x000000950e200000) (1024K)]
  0x000001d4efe03b30 JavaThread "ClassGraph-worker-11"       daemon [_thread_blocked, id=6852, stack(0x000000950e200000,0x000000950e300000) (1024K)]
  0x000001d4efe05570 JavaThread "ClassGraph-worker-12"       daemon [_thread_in_Java, id=12696, stack(0x000000950e300000,0x000000950e400000) (1024K)]
  0x000001d4efdfec70 JavaThread "ClassGraph-worker-13"       daemon [_thread_blocked, id=19708, stack(0x000000950e400000,0x000000950e500000) (1024K)]
Total: 34

Other Threads:
  0x000001d4a8a99b70 VMThread "VM Thread"                           [id=7880, stack(0x000000950ba00000,0x000000950bb00000) (1024K)]
  0x000001d4a8a80190 WatcherThread "VM Periodic Task Thread"        [id=1760, stack(0x000000950b900000,0x000000950ba00000) (1024K)]
  0x000001d489abb090 WorkerThread "GC Thread#0"                     [id=13172, stack(0x000000950b400000,0x000000950b500000) (1024K)]
  0x000001d4eeb36340 WorkerThread "GC Thread#1"                     [id=10900, stack(0x000000950c800000,0x000000950c900000) (1024K)]
  0x000001d4eeaadef0 WorkerThread "GC Thread#2"                     [id=12292, stack(0x000000950c900000,0x000000950ca00000) (1024K)]
  0x000001d4eeaae290 WorkerThread "GC Thread#3"                     [id=11844, stack(0x000000950ca00000,0x000000950cb00000) (1024K)]
  0x000001d4ee3f7f50 WorkerThread "GC Thread#4"                     [id=20264, stack(0x000000950cb00000,0x000000950cc00000) (1024K)]
  0x000001d4ee3f82f0 WorkerThread "GC Thread#5"                     [id=14544, stack(0x000000950cc00000,0x000000950cd00000) (1024K)]
  0x000001d4eef91700 WorkerThread "GC Thread#6"                     [id=17384, stack(0x000000950ce00000,0x000000950cf00000) (1024K)]
  0x000001d4eef90fc0 WorkerThread "GC Thread#7"                     [id=18508, stack(0x000000950cf00000,0x000000950d000000) (1024K)]
  0x000001d489acbdb0 ConcurrentGCThread "G1 Main Marker"            [id=20584, stack(0x000000950b500000,0x000000950b600000) (1024K)]
  0x000001d489acd050 WorkerThread "G1 Conc#0"                       [id=21572, stack(0x000000950b600000,0x000000950b700000) (1024K)]
  0x000001d4eef91aa0 WorkerThread "G1 Conc#1"                       [id=22092, stack(0x000000950cd00000,0x000000950ce00000) (1024K)]
  0x000001d489b0ea70 ConcurrentGCThread "G1 Refine#0"               [id=12824, stack(0x000000950b700000,0x000000950b800000) (1024K)]
  0x000001d4a89517c0 ConcurrentGCThread "G1 Service"                [id=3076, stack(0x000000950b800000,0x000000950b900000) (1024K)]
Total: 15

Threads with active compile tasks:
C2 CompilerThread0     5466 5497       4       org.springframework.core.annotation.TypeMappedAnnotations::get (52 bytes)
C2 CompilerThread1     5466 5291       4       org.springframework.core.annotation.TypeMappedAnnotations::get (8 bytes)
C2 CompilerThread2     5466 5802 %     4       nonapi.io.github.classgraph.fastzipfilereader.LogicalZipFile::parseManifest @ 967 (1070 bytes)
Total: 3

VM state: not at safepoint (normal execution)

VM Mutex/Monitor currently owned by a thread: None

Heap address: 0x0000000704600000, size: 4026 MB, Compressed Oops mode: Zero based, Oop shift amount: 3

CDS archive(s) mapped at: [0x000001d4a9000000-0x000001d4a9c90000-0x000001d4a9c90000), size 13172736, SharedBaseAddress: 0x000001d4a9000000, ArchiveRelocationMode: 1.
Compressed class space mapped at: 0x000001d4aa000000-0x000001d4ea000000, reserved size: 1073741824
Narrow klass base: 0x000001d4a9000000, Narrow klass shift: 0, Narrow klass range: 0x100000000

GC Precious Log:
 CardTable entry size: 512
 Card Set container configuration: InlinePtr #cards 4 size 8 Array Of Cards #cards 16 size 48 Howl #buckets 8 coarsen threshold 3686 Howl Bitmap #cards 512 size 80 coarsen threshold 460 Card regions per heap region 1 cards per card region 4096
 CPUs: 8 total, 8 available
 Memory: 16103M
 Large Page Support: Disabled
 NUMA Support: Disabled
 Compressed Oops: Enabled (Zero based)
 Heap Region Size: 2M
 Heap Min Capacity: 8M
 Heap Initial Capacity: 252M
 Heap Max Capacity: 4026M
 Pre-touch: Disabled
 Parallel Workers: 8
 Concurrent Workers: 2
 Concurrent Refinement Workers: 8
 Periodic GC: Disabled

Heap:
 garbage-first heap   total 102400K, used 52962K [0x0000000704600000, 0x0000000800000000)
  region size 2048K, 15 young (30720K), 4 survivors (8192K)
 Metaspace       used 65767K, committed 66496K, reserved 1114112K
  class space    used 8722K, committed 9024K, reserved 1048576K

Heap Regions: E=young(eden), S=young(survivor), O=old, HS=humongous(starts), HC=humongous(continues), CS=collection set, F=free, TAMS=top-at-mark-start, PB=parsable bottom
|   0|0x0000000704600000, 0x0000000704800000, 0x0000000704800000|100%| O|  |TAMS 0x0000000704600000| PB 0x0000000704600000| Untracked 
|   1|0x0000000704800000, 0x0000000704a00000, 0x0000000704a00000|100%| O|  |TAMS 0x0000000704800000| PB 0x0000000704800000| Untracked 
|   2|0x0000000704a00000, 0x0000000704c00000, 0x0000000704c00000|100%| O|  |TAMS 0x0000000704a00000| PB 0x0000000704a00000| Untracked 
|   3|0x0000000704c00000, 0x0000000704e00000, 0x0000000704e00000|100%| O|  |TAMS 0x0000000704c00000| PB 0x0000000704c00000| Untracked 
|   4|0x0000000704e00000, 0x0000000705000000, 0x0000000705000000|100%| O|  |TAMS 0x0000000704e00000| PB 0x0000000704e00000| Untracked 
|   5|0x0000000705000000, 0x0000000705200000, 0x0000000705200000|100%| O|  |TAMS 0x0000000705000000| PB 0x0000000705000000| Untracked 
|   6|0x0000000705200000, 0x0000000705400000, 0x0000000705400000|100%| O|  |TAMS 0x0000000705200000| PB 0x0000000705200000| Untracked 
|   7|0x0000000705400000, 0x0000000705600000, 0x0000000705600000|100%| O|  |TAMS 0x0000000705400000| PB 0x0000000705400000| Untracked 
|   8|0x0000000705600000, 0x0000000705800000, 0x0000000705800000|100%| O|  |TAMS 0x0000000705600000| PB 0x0000000705600000| Untracked 
|   9|0x0000000705800000, 0x0000000705a00000, 0x0000000705a00000|100%| O|  |TAMS 0x0000000705800000| PB 0x0000000705800000| Untracked 
|  10|0x0000000705a00000, 0x0000000705ac2cc0, 0x0000000705c00000| 38%| O|Cm|TAMS 0x0000000705a00000| PB 0x0000000705a00000| Complete 
|  11|0x0000000705c00000, 0x0000000705e00000, 0x0000000705e00000|100%| O|  |TAMS 0x0000000705c00000| PB 0x0000000705c00000| Untracked 
|  12|0x0000000705e00000, 0x0000000706000000, 0x0000000706000000|100%| O|  |TAMS 0x0000000705e00000| PB 0x0000000705e00000| Untracked 
|  13|0x0000000706000000, 0x00000007060f5ef0, 0x0000000706200000| 48%| O|  |TAMS 0x0000000706000000| PB 0x0000000706000000| Untracked 
|  14|0x0000000706200000, 0x0000000706200000, 0x0000000706400000|  0%| F|  |TAMS 0x0000000706200000| PB 0x0000000706200000| Untracked 
|  15|0x0000000706400000, 0x0000000706400000, 0x0000000706600000|  0%| F|  |TAMS 0x0000000706400000| PB 0x0000000706400000| Untracked 
|  16|0x0000000706600000, 0x0000000706800000, 0x0000000706800000|100%| S|CS|TAMS 0x0000000706600000| PB 0x0000000706600000| Complete 
|  17|0x0000000706800000, 0x0000000706a00000, 0x0000000706a00000|100%| S|CS|TAMS 0x0000000706800000| PB 0x0000000706800000| Complete 
|  18|0x0000000706a00000, 0x0000000706c00000, 0x0000000706c00000|100%| S|CS|TAMS 0x0000000706a00000| PB 0x0000000706a00000| Complete 
|  19|0x0000000706c00000, 0x0000000706e00000, 0x0000000706e00000|100%| S|CS|TAMS 0x0000000706c00000| PB 0x0000000706c00000| Complete 
|  20|0x0000000706e00000, 0x0000000706e00000, 0x0000000707000000|  0%| F|  |TAMS 0x0000000706e00000| PB 0x0000000706e00000| Untracked 
|  21|0x0000000707000000, 0x0000000707000000, 0x0000000707200000|  0%| F|  |TAMS 0x0000000707000000| PB 0x0000000707000000| Untracked 
|  22|0x0000000707200000, 0x0000000707200000, 0x0000000707400000|  0%| F|  |TAMS 0x0000000707200000| PB 0x0000000707200000| Untracked 
|  23|0x0000000707400000, 0x0000000707400000, 0x0000000707600000|  0%| F|  |TAMS 0x0000000707400000| PB 0x0000000707400000| Untracked 
|  24|0x0000000707600000, 0x0000000707600000, 0x0000000707800000|  0%| F|  |TAMS 0x0000000707600000| PB 0x0000000707600000| Untracked 
|  25|0x0000000707800000, 0x0000000707800000, 0x0000000707a00000|  0%| F|  |TAMS 0x0000000707800000| PB 0x0000000707800000| Untracked 
|  26|0x0000000707a00000, 0x0000000707a00000, 0x0000000707c00000|  0%| F|  |TAMS 0x0000000707a00000| PB 0x0000000707a00000| Untracked 
|  27|0x0000000707c00000, 0x0000000707c00000, 0x0000000707e00000|  0%| F|  |TAMS 0x0000000707c00000| PB 0x0000000707c00000| Untracked 
|  28|0x0000000707e00000, 0x0000000707e00000, 0x0000000708000000|  0%| F|  |TAMS 0x0000000707e00000| PB 0x0000000707e00000| Untracked 
|  29|0x0000000708000000, 0x0000000708000000, 0x0000000708200000|  0%| F|  |TAMS 0x0000000708000000| PB 0x0000000708000000| Untracked 
|  30|0x0000000708200000, 0x0000000708200000, 0x0000000708400000|  0%| F|  |TAMS 0x0000000708200000| PB 0x0000000708200000| Untracked 
|  31|0x0000000708400000, 0x0000000708400000, 0x0000000708600000|  0%| F|  |TAMS 0x0000000708400000| PB 0x0000000708400000| Untracked 
|  32|0x0000000708600000, 0x0000000708600000, 0x0000000708800000|  0%| F|  |TAMS 0x0000000708600000| PB 0x0000000708600000| Untracked 
|  33|0x0000000708800000, 0x0000000708800000, 0x0000000708a00000|  0%| F|  |TAMS 0x0000000708800000| PB 0x0000000708800000| Untracked 
|  34|0x0000000708a00000, 0x0000000708a00000, 0x0000000708c00000|  0%| F|  |TAMS 0x0000000708a00000| PB 0x0000000708a00000| Untracked 
|  35|0x0000000708c00000, 0x0000000708c00000, 0x0000000708e00000|  0%| F|  |TAMS 0x0000000708c00000| PB 0x0000000708c00000| Untracked 
|  36|0x0000000708e00000, 0x0000000708e00000, 0x0000000709000000|  0%| F|  |TAMS 0x0000000708e00000| PB 0x0000000708e00000| Untracked 
|  37|0x0000000709000000, 0x0000000709000000, 0x0000000709200000|  0%| F|  |TAMS 0x0000000709000000| PB 0x0000000709000000| Untracked 
|  38|0x0000000709200000, 0x0000000709200000, 0x0000000709400000|  0%| F|  |TAMS 0x0000000709200000| PB 0x0000000709200000| Untracked 
|  39|0x0000000709400000, 0x00000007095a0fc8, 0x0000000709600000| 81%| E|  |TAMS 0x0000000709400000| PB 0x0000000709400000| Complete 
|  40|0x0000000709600000, 0x0000000709800000, 0x0000000709800000|100%| E|CS|TAMS 0x0000000709600000| PB 0x0000000709600000| Complete 
|  41|0x0000000709800000, 0x0000000709a00000, 0x0000000709a00000|100%| E|CS|TAMS 0x0000000709800000| PB 0x0000000709800000| Complete 
|  42|0x0000000709a00000, 0x0000000709c00000, 0x0000000709c00000|100%| E|CS|TAMS 0x0000000709a00000| PB 0x0000000709a00000| Complete 
|  43|0x0000000709c00000, 0x0000000709e00000, 0x0000000709e00000|100%| E|CS|TAMS 0x0000000709c00000| PB 0x0000000709c00000| Complete 
|  44|0x0000000709e00000, 0x000000070a000000, 0x000000070a000000|100%| E|CS|TAMS 0x0000000709e00000| PB 0x0000000709e00000| Complete 
|  96|0x0000000710600000, 0x0000000710800000, 0x0000000710800000|100%| E|CS|TAMS 0x0000000710600000| PB 0x0000000710600000| Complete 
|  97|0x0000000710800000, 0x0000000710a00000, 0x0000000710a00000|100%| E|  |TAMS 0x0000000710800000| PB 0x0000000710800000| Complete 
|  98|0x0000000710a00000, 0x0000000710c00000, 0x0000000710c00000|100%| E|CS|TAMS 0x0000000710a00000| PB 0x0000000710a00000| Complete 
|  99|0x0000000710c00000, 0x0000000710e00000, 0x0000000710e00000|100%| E|CS|TAMS 0x0000000710c00000| PB 0x0000000710c00000| Complete 
| 125|0x0000000714000000, 0x0000000714200000, 0x0000000714200000|100%| E|CS|TAMS 0x0000000714000000| PB 0x0000000714000000| Complete 

Card table byte_map: [0x000001d4a19b0000,0x000001d4a2190000] _byte_map_base: 0x000001d49e18d000

Marking Bits: (CMBitMap*) 0x000001d489abb790
 Bits: [0x000001d4a2190000, 0x000001d4a6078000)

Polling page: 0x000001d489210000

Metaspace:

Usage:
  Non-class:     55.71 MB used.
      Class:      8.52 MB used.
       Both:     64.23 MB used.

Virtual space:
  Non-class space:       64.00 MB reserved,      56.12 MB ( 88%) committed,  1 nodes.
      Class space:        1.00 GB reserved,       8.81 MB ( <1%) committed,  1 nodes.
             Both:        1.06 GB reserved,      64.94 MB (  6%) committed. 

Chunk freelists:
   Non-Class:  7.16 MB
       Class:  7.23 MB
        Both:  14.39 MB

MaxMetaspaceSize: unlimited
CompressedClassSpaceSize: 1.00 GB
Initial GC threshold: 21.00 MB
Current GC threshold: 99.19 MB
CDS: on
 - commit_granule_bytes: 65536.
 - commit_granule_words: 8192.
 - virtual_space_node_default_size: 8388608.
 - enlarge_chunks_in_place: 1.
 - use_allocation_guard: 0.


Internal statistics:

num_allocs_failed_limit: 12.
num_arena_births: 986.
num_arena_deaths: 0.
num_vsnodes_births: 2.
num_vsnodes_deaths: 0.
num_space_committed: 1039.
num_space_uncommitted: 0.
num_chunks_returned_to_freelist: 12.
num_chunks_taken_from_freelist: 3275.
num_chunk_merges: 12.
num_chunk_splits: 2347.
num_chunks_enlarged: 1813.
num_inconsistent_stats: 0.

CodeHeap 'non-profiled nmethods': size=120000Kb used=3274Kb max_used=3274Kb free=116725Kb
 bounds [0x000001d499970000, 0x000001d499cc0000, 0x000001d4a0ea0000]
CodeHeap 'profiled nmethods': size=120000Kb used=10559Kb max_used=10559Kb free=109441Kb
 bounds [0x000001d491ea0000, 0x000001d492900000, 0x000001d4993d0000]
CodeHeap 'non-nmethods': size=5760Kb used=1685Kb max_used=1749Kb free=4074Kb
 bounds [0x000001d4993d0000, 0x000001d499640000, 0x000001d499970000]
 total_blobs=5845 nmethods=5129 adapters=620
 compilation: enabled
              stopped_count=0, restarted_count=0
 full_count=0

Compilation events (20 events):
Event: 5.396 Thread 0x000001d4a8af1900 nmethod 5795 0x000001d4928b0110 code [0x000001d4928b02c0, 0x000001d4928b0528]
Event: 5.396 Thread 0x000001d4a8af1900 5791       2       sun.nio.ch.IOUtil::bufferAddress (10 bytes)
Event: 5.396 Thread 0x000001d4a8af1900 nmethod 5791 0x000001d4928b0690 code [0x000001d4928b0820, 0x000001d4928b0910]
Event: 5.396 Thread 0x000001d4a8af1900 5792       2       java.nio.Buffer$2::getBufferAddress (5 bytes)
Event: 5.397 Thread 0x000001d4a8af1900 nmethod 5792 0x000001d4928b0a10 code [0x000001d4928b0ba0, 0x000001d4928b0cb0]
Event: 5.397 Thread 0x000001d4a8af1900 5794   !   2       sun.nio.ch.NativeThreadSet::add (155 bytes)
Event: 5.397 Thread 0x000001d4a8af1900 nmethod 5794 0x000001d4928b0d90 code [0x000001d4928b0f60, 0x000001d4928b1458]
Event: 5.397 Thread 0x000001d4a8af1900 5789       2       java.nio.MappedByteBuffer::flip (7 bytes)
Event: 5.397 Thread 0x000001d4a8af1900 nmethod 5789 0x000001d4928b1710 code [0x000001d4928b18a0, 0x000001d4928b19c0]
Event: 5.397 Thread 0x000001d4a8af1900 5790       2       sun.nio.ch.IOUtil::acquireScope (36 bytes)
Event: 5.397 Thread 0x000001d4a8af1900 nmethod 5790 0x000001d4928b1a90 code [0x000001d4928b1ca0, 0x000001d4928b2088]
Event: 5.397 Thread 0x000001d4a8af1900 5786       2       jdk.internal.misc.Unsafe::getAndAddLong (27 bytes)
Event: 5.398 Thread 0x000001d4a8af1900 nmethod 5786 0x000001d4928b2290 code [0x000001d4928b2440, 0x000001d4928b2638]
Event: 5.398 Thread 0x000001d4a8af1900 5793       2       java.nio.MappedByteBuffer::flip (5 bytes)
Event: 5.398 Thread 0x000001d4a8af1900 nmethod 5793 0x000001d4928b2710 code [0x000001d4928b28a0, 0x000001d4928b29c0]
Event: 5.399 Thread 0x000001d4a8af1900 5798       3       nonapi.io.github.classgraph.fastzipfilereader.LogicalZipFile::parseManifest (1070 bytes)
Event: 5.402 Thread 0x000001d4a8af1900 nmethod 5798 0x000001d4928b2a90 code [0x000001d4928b34e0, 0x000001d4928b91d8]
Event: 5.402 Thread 0x000001d4a8af1900 5799   !   3       io.github.classgraph.ClasspathElementZip::open (1112 bytes)
Event: 5.405 Thread 0x000001d4a8e75e50 nmethod 5743 0x000001d499b1db90 code [0x000001d499b1dd60, 0x000001d499b1e5d0]
Event: 5.405 Thread 0x000001d4a8e75e50 5796       4       nonapi.io.github.classgraph.utils.FileUtils::sanitizeEntryPath (690 bytes)

GC Heap History (20 events):
Event: 0.584 GC heap before
{Heap before GC invocations=0 (full 0):
 garbage-first heap   total 258048K, used 20480K [0x0000000704600000, 0x0000000800000000)
  region size 2048K, 11 young (22528K), 0 survivors (0K)
 Metaspace       used 6030K, committed 6208K, reserved 1114112K
  class space    used 680K, committed 768K, reserved 1048576K
}
Event: 0.588 GC heap after
{Heap after GC invocations=1 (full 0):
 garbage-first heap   total 258048K, used 7761K [0x0000000704600000, 0x0000000800000000)
  region size 2048K, 2 young (4096K), 2 survivors (4096K)
 Metaspace       used 6030K, committed 6208K, reserved 1114112K
  class space    used 680K, committed 768K, reserved 1048576K
}
Event: 0.976 GC heap before
{Heap before GC invocations=1 (full 0):
 garbage-first heap   total 258048K, used 32337K [0x0000000704600000, 0x0000000800000000)
  region size 2048K, 15 young (30720K), 2 survivors (4096K)
 Metaspace       used 13293K, committed 13504K, reserved 1114112K
  class space    used 1584K, committed 1664K, reserved 1048576K
}
Event: 0.980 GC heap after
{Heap after GC invocations=2 (full 0):
 garbage-first heap   total 258048K, used 10367K [0x0000000704600000, 0x0000000800000000)
  region size 2048K, 2 young (4096K), 2 survivors (4096K)
 Metaspace       used 13293K, committed 13504K, reserved 1114112K
  class space    used 1584K, committed 1664K, reserved 1048576K
}
Event: 1.718 GC heap before
{Heap before GC invocations=2 (full 0):
 garbage-first heap   total 258048K, used 57471K [0x0000000704600000, 0x0000000800000000)
  region size 2048K, 26 young (53248K), 2 survivors (4096K)
 Metaspace       used 21269K, committed 21504K, reserved 1114112K
  class space    used 2556K, committed 2688K, reserved 1048576K
}
Event: 1.724 GC heap after
{Heap after GC invocations=3 (full 0):
 garbage-first heap   total 258048K, used 14811K [0x0000000704600000, 0x0000000800000000)
  region size 2048K, 4 young (8192K), 4 survivors (8192K)
 Metaspace       used 21269K, committed 21504K, reserved 1114112K
  class space    used 2556K, committed 2688K, reserved 1048576K
}
Event: 2.355 GC heap before
{Heap before GC invocations=4 (full 0):
 garbage-first heap   total 61440K, used 43483K [0x0000000704600000, 0x0000000800000000)
  region size 2048K, 18 young (36864K), 4 survivors (8192K)
 Metaspace       used 26185K, committed 26624K, reserved 1114112K
  class space    used 3258K, committed 3456K, reserved 1048576K
}
Event: 2.362 GC heap after
{Heap after GC invocations=5 (full 0):
 garbage-first heap   total 61440K, used 17740K [0x0000000704600000, 0x0000000800000000)
  region size 2048K, 2 young (4096K), 2 survivors (4096K)
 Metaspace       used 26185K, committed 26624K, reserved 1114112K
  class space    used 3258K, committed 3456K, reserved 1048576K
}
Event: 2.890 GC heap before
{Heap before GC invocations=5 (full 0):
 garbage-first heap   total 61440K, used 42316K [0x0000000704600000, 0x0000000800000000)
  region size 2048K, 15 young (30720K), 2 survivors (4096K)
 Metaspace       used 31708K, committed 32192K, reserved 1114112K
  class space    used 3985K, committed 4224K, reserved 1048576K
}
Event: 2.895 GC heap after
{Heap after GC invocations=6 (full 0):
 garbage-first heap   total 61440K, used 19816K [0x0000000704600000, 0x0000000800000000)
  region size 2048K, 2 young (4096K), 2 survivors (4096K)
 Metaspace       used 31708K, committed 32192K, reserved 1114112K
  class space    used 3985K, committed 4224K, reserved 1048576K
}
Event: 3.143 GC heap before
{Heap before GC invocations=6 (full 0):
 garbage-first heap   total 61440K, used 32104K [0x0000000704600000, 0x0000000800000000)
  region size 2048K, 9 young (18432K), 2 survivors (4096K)
 Metaspace       used 35556K, committed 36096K, reserved 1114112K
  class space    used 4585K, committed 4864K, reserved 1048576K
}
Event: 3.145 GC heap after
{Heap after GC invocations=7 (full 0):
 garbage-first heap   total 61440K, used 20690K [0x0000000704600000, 0x0000000800000000)
  region size 2048K, 1 young (2048K), 1 survivors (2048K)
 Metaspace       used 35556K, committed 36096K, reserved 1114112K
  class space    used 4585K, committed 4864K, reserved 1048576K
}
Event: 3.818 GC heap before
{Heap before GC invocations=8 (full 0):
 garbage-first heap   total 61440K, used 47314K [0x0000000704600000, 0x0000000800000000)
  region size 2048K, 14 young (28672K), 1 survivors (2048K)
 Metaspace       used 46760K, committed 47360K, reserved 1114112K
  class space    used 6049K, committed 6336K, reserved 1048576K
}
Event: 3.821 GC heap after
{Heap after GC invocations=9 (full 0):
 garbage-first heap   total 159744K, used 23277K [0x0000000704600000, 0x0000000800000000)
  region size 2048K, 2 young (4096K), 2 survivors (4096K)
 Metaspace       used 46760K, committed 47360K, reserved 1114112K
  class space    used 6049K, committed 6336K, reserved 1048576K
}
Event: 4.562 GC heap before
{Heap before GC invocations=9 (full 0):
 garbage-first heap   total 159744K, used 66285K [0x0000000704600000, 0x0000000800000000)
  region size 2048K, 25 young (51200K), 2 survivors (4096K)
 Metaspace       used 59865K, committed 60416K, reserved 1114112K
  class space    used 7936K, committed 8192K, reserved 1048576K
}
Event: 4.568 GC heap after
{Heap after GC invocations=10 (full 0):
 garbage-first heap   total 159744K, used 25560K [0x0000000704600000, 0x0000000800000000)
  region size 2048K, 4 young (8192K), 4 survivors (8192K)
 Metaspace       used 59865K, committed 60416K, reserved 1114112K
  class space    used 7936K, committed 8192K, reserved 1048576K
}
Event: 4.598 GC heap before
{Heap before GC invocations=10 (full 0):
 garbage-first heap   total 159744K, used 25560K [0x0000000704600000, 0x0000000800000000)
  region size 2048K, 5 young (10240K), 4 survivors (8192K)
 Metaspace       used 60112K, committed 60736K, reserved 1114112K
  class space    used 7967K, committed 8256K, reserved 1048576K
}
Event: 4.603 GC heap after
{Heap after GC invocations=11 (full 0):
 garbage-first heap   total 159744K, used 26088K [0x0000000704600000, 0x0000000800000000)
  region size 2048K, 4 young (8192K), 4 survivors (8192K)
 Metaspace       used 60112K, committed 60736K, reserved 1114112K
  class space    used 7967K, committed 8256K, reserved 1048576K
}
Event: 5.382 GC heap before
{Heap before GC invocations=12 (full 0):
 garbage-first heap   total 102400K, used 77288K [0x0000000704600000, 0x0000000800000000)
  region size 2048K, 30 young (61440K), 4 survivors (8192K)
 Metaspace       used 65719K, committed 66368K, reserved 1114112K
  class space    used 8719K, committed 9024K, reserved 1048576K
}
Event: 5.391 GC heap after
{Heap after GC invocations=13 (full 0):
 garbage-first heap   total 102400K, used 34530K [0x0000000704600000, 0x0000000800000000)
  region size 2048K, 4 young (8192K), 4 survivors (8192K)
 Metaspace       used 65719K, committed 66368K, reserved 1114112K
  class space    used 8719K, committed 9024K, reserved 1048576K
}

Dll operation events (14 events):
Event: 0.007 Loaded shared library C:\Users\LENOVO\.jdks\openjdk-21.0.2\bin\java.dll
Event: 0.039 Loaded shared library C:\Users\LENOVO\.jdks\openjdk-21.0.2\bin\jsvml.dll
Event: 0.123 Loaded shared library C:\Users\LENOVO\.jdks\openjdk-21.0.2\bin\zip.dll
Event: 0.126 Loaded shared library C:\Users\LENOVO\.jdks\openjdk-21.0.2\bin\instrument.dll
Event: 0.131 Loaded shared library C:\Users\LENOVO\.jdks\openjdk-21.0.2\bin\net.dll
Event: 0.132 Loaded shared library C:\Users\LENOVO\.jdks\openjdk-21.0.2\bin\nio.dll
Event: 0.135 Loaded shared library C:\Users\LENOVO\.jdks\openjdk-21.0.2\bin\zip.dll
Event: 0.201 Loaded shared library C:\Program Files\JetBrains\IntelliJ IDEA Community Edition 2023.3.3\bin\breakgen64.dll
Event: 0.209 Loaded shared library C:\Users\LENOVO\.jdks\openjdk-21.0.2\bin\extnet.dll
Event: 0.234 Loaded shared library C:\Users\LENOVO\.jdks\openjdk-21.0.2\bin\jimage.dll
Event: 1.166 Loaded shared library C:\Users\LENOVO\.jdks\openjdk-21.0.2\bin\sunmscapi.dll
Event: 2.605 Loaded shared library C:\Users\LENOVO\.jdks\openjdk-21.0.2\bin\management.dll
Event: 2.607 Loaded shared library C:\Users\LENOVO\.jdks\openjdk-21.0.2\bin\management_ext.dll
Event: 3.068 Loaded shared library C:\Users\LENOVO\.jdks\openjdk-21.0.2\bin\verify.dll

Deoptimization events (20 events):
Event: 5.345 Thread 0x000001d4f036a530 Uncommon trap: trap_request=0xffffffbe fr.pc=0x000001d499a7c1ac relative=0x000000000000030c
Event: 5.346 Thread 0x000001d4f036b8e0 Uncommon trap: trap_request=0xffffffbe fr.pc=0x000001d499a7c1ac relative=0x000000000000030c
Event: 5.346 Thread 0x000001d4f0369ea0 Uncommon trap: trap_request=0xffffffbe fr.pc=0x000001d499a7c1ac relative=0x000000000000030c
Event: 5.346 Thread 0x000001d4efe05570 Uncommon trap: trap_request=0xffffffbe fr.pc=0x000001d499a7c1ac relative=0x000000000000030c
Event: 5.346 Thread 0x000001d4f036a530 Uncommon trap: reason=profile_predicate action=maybe_recompile pc=0x000001d499a7c1ac method=nonapi.io.github.classgraph.utils.FileUtils.sanitizeEntryPath(Ljava/lang/String;ZZ)Ljava/lang/String; @ 53 c2
Event: 5.346 Thread 0x000001d4f036b8e0 Uncommon trap: reason=profile_predicate action=maybe_recompile pc=0x000001d499a7c1ac method=nonapi.io.github.classgraph.utils.FileUtils.sanitizeEntryPath(Ljava/lang/String;ZZ)Ljava/lang/String; @ 53 c2
Event: 5.346 Thread 0x000001d4efe05570 Uncommon trap: reason=profile_predicate action=maybe_recompile pc=0x000001d499a7c1ac method=nonapi.io.github.classgraph.utils.FileUtils.sanitizeEntryPath(Ljava/lang/String;ZZ)Ljava/lang/String; @ 53 c2
Event: 5.346 Thread 0x000001d4efe006b0 Uncommon trap: trap_request=0xffffffbe fr.pc=0x000001d499a7c1ac relative=0x000000000000030c
Event: 5.346 Thread 0x000001d4f0369ea0 Uncommon trap: reason=profile_predicate action=maybe_recompile pc=0x000001d499a7c1ac method=nonapi.io.github.classgraph.utils.FileUtils.sanitizeEntryPath(Ljava/lang/String;ZZ)Ljava/lang/String; @ 53 c2
Event: 5.346 Thread 0x000001d4efe006b0 Uncommon trap: reason=profile_predicate action=maybe_recompile pc=0x000001d499a7c1ac method=nonapi.io.github.classgraph.utils.FileUtils.sanitizeEntryPath(Ljava/lang/String;ZZ)Ljava/lang/String; @ 53 c2
Event: 5.346 Thread 0x000001d4f036b8e0 DEOPT PACKING pc=0x000001d499a7c1ac sp=0x000000950d8feb80
Event: 5.346 Thread 0x000001d4f036b8e0 DEOPT UNPACKING pc=0x000001d4994246a2 sp=0x000000950d8feae0 mode 2
Event: 5.347 Thread 0x000001d4f036a530 DEOPT PACKING pc=0x000001d499a7c1ac sp=0x000000950ddfe710
Event: 5.347 Thread 0x000001d4f036a530 DEOPT UNPACKING pc=0x000001d4994246a2 sp=0x000000950ddfe688 mode 2
Event: 5.347 Thread 0x000001d4f0369ea0 DEOPT PACKING pc=0x000001d499a7c1ac sp=0x000000950dcfe670
Event: 5.347 Thread 0x000001d4f0369ea0 DEOPT UNPACKING pc=0x000001d4994246a2 sp=0x000000950dcfe5d0 mode 2
Event: 5.347 Thread 0x000001d4efe006b0 DEOPT PACKING pc=0x000001d499a7c1ac sp=0x000000950e1fe5c0
Event: 5.347 Thread 0x000001d4efe006b0 DEOPT UNPACKING pc=0x000001d4994246a2 sp=0x000000950e1fe520 mode 2
Event: 5.347 Thread 0x000001d4efe05570 DEOPT PACKING pc=0x000001d499a7c1ac sp=0x000000950e3fe490
Event: 5.347 Thread 0x000001d4efe05570 DEOPT UNPACKING pc=0x000001d4994246a2 sp=0x000000950e3fe3f0 mode 2

Classes loaded (20 events):
Event: 5.131 Loading class java/util/EnumMap$EntrySet
Event: 5.131 Loading class java/util/EnumMap$EntrySet done
Event: 5.131 Loading class java/util/EnumMap$EntryIterator
Event: 5.131 Loading class java/util/EnumMap$EnumMapIterator
Event: 5.131 Loading class java/util/EnumMap$EnumMapIterator done
Event: 5.131 Loading class java/util/EnumMap$EntryIterator done
Event: 5.236 Loading class java/lang/LayerInstantiationException
Event: 5.236 Loading class java/lang/LayerInstantiationException done
Event: 5.236 Loading class jdk/internal/loader/Loader
Event: 5.236 Loading class jdk/internal/loader/Loader done
Event: 5.256 Loading class java/io/IOError
Event: 5.256 Loading class java/io/IOError done
Event: 5.272 Loading class java/util/AbstractMap$SimpleEntry
Event: 5.272 Loading class java/util/AbstractMap$SimpleEntry done
Event: 5.314 Loading class java/nio/channels/spi/AbstractInterruptibleChannel$1
Event: 5.314 Loading class java/nio/channels/spi/AbstractInterruptibleChannel$1 done
Event: 5.315 Loading class java/nio/ReadOnlyBufferException
Event: 5.315 Loading class java/nio/ReadOnlyBufferException done
Event: 5.318 Loading class java/util/zip/DataFormatException
Event: 5.318 Loading class java/util/zip/DataFormatException done

Classes unloaded (0 events):
No events

Classes redefined (0 events):
No events

Internal exceptions (20 events):
Event: 4.402 Thread 0x000001d489a54aa0 Exception <a 'java/lang/NoSuchMethodError'{0x000000070bfa88b0}: 'java.lang.Object java.lang.invoke.DirectMethodHandle$Holder.invokeSpecial(java.lang.Object, java.lang.Object, java.lang.Object, java.lang.Object, java.lang.Object, java.lang.Object, java.lang.Object, java.lang.Object, java.lang.Object, java.lang.Object, java.lang.Object, java.lang.Object, java.lang.Object)'> (0x000000070bfa88b0) 
thrown [s\open\src\hotspot\share\interpreter\linkResolver.cpp, line 773]
Event: 4.402 Thread 0x000001d489a54aa0 Exception <a 'java/lang/NoSuchMethodError'{0x000000070bfacd88}: 'java.lang.Object java.lang.invoke.Invokers$Holder.linkToTargetMethod(java.lang.Object, java.lang.Object, java.lang.Object, java.lang.Object, java.lang.Object, java.lang.Object, java.lang.Object, java.lang.Object, java.lang.Object, java.lang.Object, java.lang.Object, java.lang.Object)'> (0x000000070bfacd88) 
thrown [s\open\src\hotspot\share\interpreter\linkResolver.cpp, line 773]
Event: 4.420 Thread 0x000001d489a54aa0 Exception <a 'java/lang/NoSuchMethodError'{0x000000070bd12908}: 'java.lang.Object java.lang.invoke.DirectMethodHandle$Holder.newInvokeSpecial(java.lang.Object, java.lang.Object, java.lang.Object, java.lang.Object, java.lang.Object, java.lang.Object)'> (0x000000070bd12908) 
thrown [s\open\src\hotspot\share\interpreter\linkResolver.cpp, line 773]
Event: 4.426 Thread 0x000001d489a54aa0 Exception <a 'java/lang/NoSuchMethodError'{0x000000070bd74458}: 'java.lang.Object java.lang.invoke.DirectMethodHandle$Holder.newInvokeSpecial(java.lang.Object, java.lang.Object, java.lang.Object, java.lang.Object, java.lang.Object, java.lang.Object, java.lang.Object, int)'> (0x000000070bd74458) 
thrown [s\open\src\hotspot\share\interpreter\linkResolver.cpp, line 773]
Event: 4.426 Thread 0x000001d489a54aa0 Exception <a 'java/lang/NoSuchMethodError'{0x000000070bd789b8}: 'java.lang.Object java.lang.invoke.DirectMethodHandle$Holder.invokeSpecial(java.lang.Object, java.lang.Object, java.lang.Object, java.lang.Object, java.lang.Object, java.lang.Object, java.lang.Object, java.lang.Object, int)'> (0x000000070bd789b8) 
thrown [s\open\src\hotspot\share\interpreter\linkResolver.cpp, line 773]
Event: 4.426 Thread 0x000001d489a54aa0 Exception <a 'java/lang/NoSuchMethodError'{0x000000070bd7c9d0}: 'java.lang.Object java.lang.invoke.Invokers$Holder.linkToTargetMethod(java.lang.Object, java.lang.Object, java.lang.Object, java.lang.Object, java.lang.Object, java.lang.Object, int, java.lang.Object)'> (0x000000070bd7c9d0) 
thrown [s\open\src\hotspot\share\interpreter\linkResolver.cpp, line 773]
Event: 4.438 Thread 0x000001d489a54aa0 Exception <a 'java/lang/NoSuchMethodError'{0x000000070ba33090}: 'void java.lang.invoke.DirectMethodHandle$Holder.invokeInterface(java.lang.Object, java.lang.Object)'> (0x000000070ba33090) 
thrown [s\open\src\hotspot\share\interpreter\linkResolver.cpp, line 773]
Event: 4.503 Thread 0x000001d489a54aa0 Exception <a 'java/lang/NoSuchMethodError'{0x000000070b984ab0}: 'void java.lang.invoke.Invokers$Holder.invokeExact_MT(java.lang.Object, java.lang.Object, java.lang.Object, java.lang.Object)'> (0x000000070b984ab0) 
thrown [s\open\src\hotspot\share\interpreter\linkResolver.cpp, line 773]
Event: 4.526 Thread 0x000001d489a54aa0 Implicit null exception at 0x000001d499c5b797 to 0x000001d499c5ba10
Event: 4.580 Thread 0x000001d489a54aa0 Exception <a 'java/lang/IncompatibleClassChangeError'{0x00000007140c6288}: Found class java.lang.Object, but interface was expected> (0x00000007140c6288) 
thrown [s\open\src\hotspot\share\interpreter\linkResolver.cpp, line 840]
Event: 4.588 Thread 0x000001d489a54aa0 Exception <a 'java/lang/IncompatibleClassChangeError'{0x0000000714130b38}: Found class java.lang.Object, but interface was expected> (0x0000000714130b38) 
thrown [s\open\src\hotspot\share\interpreter\linkResolver.cpp, line 840]
Event: 4.628 Thread 0x000001d489a54aa0 Exception <a 'java/lang/IncompatibleClassChangeError'{0x00000007140d1ee0}: Found class java.lang.Object, but interface was expected> (0x00000007140d1ee0) 
thrown [s\open\src\hotspot\share\interpreter\linkResolver.cpp, line 840]
Event: 4.758 Thread 0x000001d489a54aa0 Exception <a 'java/lang/IncompatibleClassChangeError'{0x0000000709ab94f0}: Found class java.lang.Object, but interface was expected> (0x0000000709ab94f0) 
thrown [s\open\src\hotspot\share\interpreter\linkResolver.cpp, line 840]
Event: 4.844 Thread 0x000001d489a54aa0 Exception <a 'java/lang/NoSuchMethodError'{0x0000000709702558}: 'java.lang.Object java.lang.invoke.DirectMethodHandle$Holder.newInvokeSpecial(java.lang.Object, java.lang.Object, java.lang.Object, java.lang.Object, java.lang.Object, java.lang.Object, java.lang.Object, java.lang.Object)'> (0x0000000709702558) 
thrown [s\open\src\hotspot\share\interpreter\linkResolver.cpp, line 773]
Event: 4.931 Thread 0x000001d489a54aa0 Exception <a 'java/lang/NoSuchMethodError'{0x00000007091878d8}: 'java.lang.Object java.lang.invoke.DirectMethodHandle$Holder.invokeVirtual(java.lang.Object, java.lang.Object, java.lang.Object, java.lang.Object, java.lang.Object, java.lang.Object, java.lang.Object)'> (0x00000007091878d8) 
thrown [s\open\src\hotspot\share\interpreter\linkResolver.cpp, line 773]
Event: 5.168 Thread 0x000001d489a54aa0 Exception <a 'java/lang/IncompatibleClassChangeError'{0x00000007084f9918}: Found class java.lang.Object, but interface was expected> (0x00000007084f9918) 
thrown [s\open\src\hotspot\share\interpreter\linkResolver.cpp, line 840]
Event: 5.204 Thread 0x000001d489a54aa0 Exception <a 'java/lang/NoSuchMethodError'{0x000000070824f7c0}: method resolution failed> (0x000000070824f7c0) 
thrown [s\open\src\hotspot\share\prims\methodHandles.cpp, line 1144]
Event: 5.227 Thread 0x000001d489a54aa0 Exception <a 'java/lang/NoSuchMethodError'{0x00000007083422d8}: method resolution failed> (0x00000007083422d8) 
thrown [s\open\src\hotspot\share\prims\methodHandles.cpp, line 1144]
Event: 5.231 Thread 0x000001d489a54aa0 Exception <a 'java/lang/NoSuchMethodError'{0x0000000708367240}: 'boolean java.lang.reflect.AccessibleObject.canAccess(java.lang.Object, java.lang.Class)'> (0x0000000708367240) 
thrown [s\open\src\hotspot\share\interpreter\linkResolver.cpp, line 773]
Event: 5.275 Thread 0x000001d489a54aa0 Exception <a 'java/lang/NoSuchMethodError'{0x0000000708091430}: 'boolean java.lang.reflect.AccessibleObject.trySetAccessible(java.lang.Class)'> (0x0000000708091430) 
thrown [s\open\src\hotspot\share\interpreter\linkResolver.cpp, line 773]

ZGC Phase Switch (0 events):
No events

VM Operations (20 events):
Event: 4.598 Executing VM operation: CollectForMetadataAllocation (Metadata GC Threshold)
Event: 4.603 Executing VM operation: CollectForMetadataAllocation (Metadata GC Threshold) done
Event: 4.623 Executing VM operation: G1PauseRemark
Event: 4.628 Executing VM operation: G1PauseRemark done
Event: 4.637 Executing VM operation: G1PauseCleanup
Event: 4.637 Executing VM operation: G1PauseCleanup done
Event: 4.726 Executing VM operation: HandshakeAllThreads (Deoptimize)
Event: 4.726 Executing VM operation: HandshakeAllThreads (Deoptimize) done
Event: 4.768 Executing VM operation: HandshakeAllThreads (Deoptimize)
Event: 4.768 Executing VM operation: HandshakeAllThreads (Deoptimize) done
Event: 4.769 Executing VM operation: HandshakeAllThreads (Deoptimize)
Event: 4.769 Executing VM operation: HandshakeAllThreads (Deoptimize) done
Event: 5.000 Executing VM operation: HandshakeAllThreads (Deoptimize)
Event: 5.000 Executing VM operation: HandshakeAllThreads (Deoptimize) done
Event: 5.031 Executing VM operation: HandshakeAllThreads (Deoptimize)
Event: 5.032 Executing VM operation: HandshakeAllThreads (Deoptimize) done
Event: 5.273 Executing VM operation: ICBufferFull
Event: 5.274 Executing VM operation: ICBufferFull done
Event: 5.382 Executing VM operation: G1CollectForAllocation (G1 Evacuation Pause)
Event: 5.398 Executing VM operation: G1CollectForAllocation (G1 Evacuation Pause) done

Events (20 events):
Event: 4.627 Thread 0x000001d4a8a99b70 flushing nmethod 0x000001d499a33190
Event: 4.627 Thread 0x000001d4a8a99b70 flushing nmethod 0x000001d499a08910
Event: 4.627 Thread 0x000001d4a8a99b70 flushing nmethod 0x000001d4999e4410
Event: 4.627 Thread 0x000001d4a8a99b70 flushing nmethod 0x000001d4999eec90
Event: 4.627 Thread 0x000001d4a8a99b70 flushing nmethod 0x000001d4999d0390
Event: 4.627 Thread 0x000001d4a8a99b70 flushing nmethod 0x000001d499970010
Event: 5.299 Thread 0x000001d4f0369180 Thread added: 0x000001d4f0369180
Event: 5.302 Thread 0x000001d4f036b8e0 Thread added: 0x000001d4f036b8e0
Event: 5.302 Thread 0x000001d4f0369810 Thread added: 0x000001d4f0369810
Event: 5.302 Thread 0x000001d4f036bf70 Thread added: 0x000001d4f036bf70
Event: 5.302 Thread 0x000001d4f0368af0 Thread added: 0x000001d4f0368af0
Event: 5.302 Thread 0x000001d4f0369ea0 Thread added: 0x000001d4f0369ea0
Event: 5.302 Thread 0x000001d4f036a530 Thread added: 0x000001d4f036a530
Event: 5.303 Thread 0x000001d4efe034a0 Thread added: 0x000001d4efe034a0
Event: 5.303 Thread 0x000001d4efe041c0 Thread added: 0x000001d4efe041c0
Event: 5.303 Thread 0x000001d4efe013d0 Thread added: 0x000001d4efe013d0
Event: 5.303 Thread 0x000001d4efe006b0 Thread added: 0x000001d4efe006b0
Event: 5.303 Thread 0x000001d4efe03b30 Thread added: 0x000001d4efe03b30
Event: 5.303 Thread 0x000001d4efe05570 Thread added: 0x000001d4efe05570
Event: 5.303 Thread 0x000001d4efdfec70 Thread added: 0x000001d4efdfec70


Dynamic libraries:
0x00007ff684650000 - 0x00007ff68465e000 	C:\Users\LENOVO\.jdks\openjdk-21.0.2\bin\java.exe
0x00007ffe85d30000 - 0x00007ffe85f47000 	C:\Windows\SYSTEM32\ntdll.dll
0x00007ffe84840000 - 0x00007ffe84904000 	C:\Windows\System32\KERNEL32.DLL
0x00007ffe835f0000 - 0x00007ffe8399d000 	C:\Windows\System32\KERNELBASE.dll
0x00007ffe830f0000 - 0x00007ffe83201000 	C:\Windows\System32\ucrtbase.dll
0x00007ffe75280000 - 0x00007ffe75298000 	C:\Users\LENOVO\.jdks\openjdk-21.0.2\bin\jli.dll
0x00007ffe628d0000 - 0x00007ffe628eb000 	C:\Users\LENOVO\.jdks\openjdk-21.0.2\bin\VCRUNTIME140.dll
0x00007ffe84be0000 - 0x00007ffe84d8e000 	C:\Windows\System32\USER32.dll
0x00007ffe834d0000 - 0x00007ffe834f6000 	C:\Windows\System32\win32u.dll
0x00007ffe66140000 - 0x00007ffe663d3000 	C:\Windows\WinSxS\amd64_microsoft.windows.common-controls_6595b64144ccf1df_6.0.22621.3672_none_2713b9d173822955\COMCTL32.dll
0x00007ffe83bb0000 - 0x00007ffe83bd9000 	C:\Windows\System32\GDI32.dll
0x00007ffe840e0000 - 0x00007ffe84187000 	C:\Windows\System32\msvcrt.dll
0x00007ffe833b0000 - 0x00007ffe834c9000 	C:\Windows\System32\gdi32full.dll
0x00007ffe83050000 - 0x00007ffe830ea000 	C:\Windows\System32\msvcp_win.dll
0x00007ffe84a20000 - 0x00007ffe84a51000 	C:\Windows\System32\IMM32.DLL
0x00007ffe7ae50000 - 0x00007ffe7ae5c000 	C:\Users\LENOVO\.jdks\openjdk-21.0.2\bin\vcruntime140_1.dll
0x00007ffe581d0000 - 0x00007ffe5825e000 	C:\Users\LENOVO\.jdks\openjdk-21.0.2\bin\msvcp140.dll
0x00007ffe3a060000 - 0x00007ffe3ad77000 	C:\Users\LENOVO\.jdks\openjdk-21.0.2\bin\server\jvm.dll
0x00007ffe84020000 - 0x00007ffe840d2000 	C:\Windows\System32\ADVAPI32.dll
0x00007ffe84910000 - 0x00007ffe849b9000 	C:\Windows\System32\sechost.dll
0x00007ffe83210000 - 0x00007ffe83238000 	C:\Windows\System32\bcrypt.dll
0x00007ffe84ac0000 - 0x00007ffe84bd4000 	C:\Windows\System32\RPCRT4.dll
0x00007ffe844b0000 - 0x00007ffe84521000 	C:\Windows\System32\WS2_32.dll
0x00007ffe82f10000 - 0x00007ffe82f5d000 	C:\Windows\SYSTEM32\POWRPROF.dll
0x00007ffe7bad0000 - 0x00007ffe7bb04000 	C:\Windows\SYSTEM32\WINMM.dll
0x00007ffe7b2d0000 - 0x00007ffe7b2da000 	C:\Windows\SYSTEM32\VERSION.dll
0x00007ffe82e40000 - 0x00007ffe82e53000 	C:\Windows\SYSTEM32\UMPDC.dll
0x00007ffe82040000 - 0x00007ffe82058000 	C:\Windows\SYSTEM32\kernel.appcore.dll
0x00007ffe7ae10000 - 0x00007ffe7ae1a000 	C:\Users\LENOVO\.jdks\openjdk-21.0.2\bin\jimage.dll
0x00007ffe809e0000 - 0x00007ffe80c12000 	C:\Windows\SYSTEM32\DBGHELP.DLL
0x00007ffe83be0000 - 0x00007ffe83f6d000 	C:\Windows\System32\combase.dll
0x00007ffe84190000 - 0x00007ffe84267000 	C:\Windows\System32\OLEAUT32.dll
0x00007ffe765f0000 - 0x00007ffe76622000 	C:\Windows\SYSTEM32\dbgcore.DLL
0x00007ffe83570000 - 0x00007ffe835eb000 	C:\Windows\System32\bcryptPrimitives.dll
0x00007ffe6ce20000 - 0x00007ffe6ce2f000 	C:\Users\LENOVO\.jdks\openjdk-21.0.2\bin\instrument.dll
0x00007ffe61c70000 - 0x00007ffe61c8f000 	C:\Users\LENOVO\.jdks\openjdk-21.0.2\bin\java.dll
0x00007ffe85380000 - 0x00007ffe85be8000 	C:\Windows\System32\SHELL32.dll
0x00007ffe80f50000 - 0x00007ffe8184e000 	C:\Windows\SYSTEM32\windows.storage.dll
0x00007ffe80e10000 - 0x00007ffe80f4f000 	C:\Windows\SYSTEM32\wintypes.dll
0x00007ffe85bf0000 - 0x00007ffe85ce9000 	C:\Windows\System32\SHCORE.dll
0x00007ffe849c0000 - 0x00007ffe84a1e000 	C:\Windows\System32\shlwapi.dll
0x00007ffe82f80000 - 0x00007ffe82fa1000 	C:\Windows\SYSTEM32\profapi.dll
0x00007ffe58060000 - 0x00007ffe58137000 	C:\Users\LENOVO\.jdks\openjdk-21.0.2\bin\jsvml.dll
0x00007ffe61b00000 - 0x00007ffe61b18000 	C:\Users\LENOVO\.jdks\openjdk-21.0.2\bin\zip.dll
0x00007ffe6d440000 - 0x00007ffe6d450000 	C:\Users\LENOVO\.jdks\openjdk-21.0.2\bin\net.dll
0x00007ffe7e9f0000 - 0x00007ffe7eb26000 	C:\Windows\SYSTEM32\WINHTTP.dll
0x00007ffe824a0000 - 0x00007ffe82509000 	C:\Windows\system32\mswsock.dll
0x00007ffe61bb0000 - 0x00007ffe61bc6000 	C:\Users\LENOVO\.jdks\openjdk-21.0.2\bin\nio.dll
0x00007ffe61ae0000 - 0x00007ffe61afa000 	C:\Program Files\JetBrains\IntelliJ IDEA Community Edition 2023.3.3\bin\breakgen64.dll
0x00007ffe6cb50000 - 0x00007ffe6cb59000 	C:\Users\LENOVO\.jdks\openjdk-21.0.2\bin\extnet.dll
0x00007ffe692e0000 - 0x00007ffe692ee000 	C:\Users\LENOVO\.jdks\openjdk-21.0.2\bin\sunmscapi.dll
0x00007ffe83240000 - 0x00007ffe833a7000 	C:\Windows\System32\CRYPT32.dll
0x00007ffe82910000 - 0x00007ffe8293e000 	C:\Windows\SYSTEM32\ncrypt.dll
0x00007ffe828d0000 - 0x00007ffe82907000 	C:\Windows\SYSTEM32\NTASN1.dll
0x00007ffe827f0000 - 0x00007ffe8280b000 	C:\Windows\SYSTEM32\CRYPTSP.dll
0x00007ffe81fa0000 - 0x00007ffe81fd5000 	C:\Windows\system32\rsaenh.dll
0x00007ffe82540000 - 0x00007ffe82568000 	C:\Windows\SYSTEM32\USERENV.dll
0x00007ffe827d0000 - 0x00007ffe827dc000 	C:\Windows\SYSTEM32\CRYPTBASE.dll
0x00007ffe81ab0000 - 0x00007ffe81add000 	C:\Windows\SYSTEM32\IPHLPAPI.DLL
0x00007ffe84270000 - 0x00007ffe84279000 	C:\Windows\System32\NSI.dll
0x00007ffe6cdc0000 - 0x00007ffe6cdca000 	C:\Users\LENOVO\.jdks\openjdk-21.0.2\bin\management.dll
0x00007ffe6cbf0000 - 0x00007ffe6cbfb000 	C:\Users\LENOVO\.jdks\openjdk-21.0.2\bin\management_ext.dll
0x00007ffe83a60000 - 0x00007ffe83a68000 	C:\Windows\System32\PSAPI.DLL
0x00007ffe65f00000 - 0x00007ffe65f10000 	C:\Users\LENOVO\.jdks\openjdk-21.0.2\bin\verify.dll
0x00007ffe81ae0000 - 0x00007ffe81bd8000 	C:\Windows\SYSTEM32\DNSAPI.dll
0x00007ffe7b390000 - 0x00007ffe7b39a000 	C:\Windows\System32\rasadhlp.dll
0x00007ffe7b460000 - 0x00007ffe7b4e3000 	C:\Windows\System32\fwpuclnt.dll

dbghelp: loaded successfully - version: 4.0.5 - missing functions: none
symbol engine: initialized successfully - sym options: 0x614 - pdb path: .;C:\Users\LENOVO\.jdks\openjdk-21.0.2\bin;C:\Windows\SYSTEM32;C:\Windows\WinSxS\amd64_microsoft.windows.common-controls_6595b64144ccf1df_6.0.22621.3672_none_2713b9d173822955;C:\Users\LENOVO\.jdks\openjdk-21.0.2\bin\server;C:\Program Files\JetBrains\IntelliJ IDEA Community Edition 2023.3.3\bin

VM Arguments:
jvm_args: -javaagent:C:\Program Files\JetBrains\IntelliJ IDEA Community Edition 2023.3.3\lib\idea_rt.jar=56139:C:\Program Files\JetBrains\IntelliJ IDEA Community Edition 2023.3.3\bin -Dfile.encoding=UTF-8 -Dsun.stdout.encoding=UTF-8 -Dsun.stderr.encoding=UTF-8 
java_command: com.geethanjana.User.service.UserServiceApplication
java_class_path (initial): D:\git\ecloud-systems-user-crud\target\classes;C:\Users\LENOVO\.m2\repository\org\springframework\boot\spring-boot-starter-data-jpa\3.3.2\spring-boot-starter-data-jpa-3.3.2.jar;C:\Users\LENOVO\.m2\repository\org\springframework\boot\spring-boot-starter-aop\3.3.2\spring-boot-starter-aop-3.3.2.jar;C:\Users\LENOVO\.m2\repository\org\aspectj\aspectjweaver\1.9.22.1\aspectjweaver-1.9.22.1.jar;C:\Users\LENOVO\.m2\repository\org\springframework\boot\spring-boot-starter-jdbc\3.3.2\spring-boot-starter-jdbc-3.3.2.jar;C:\Users\LENOVO\.m2\repository\com\zaxxer\HikariCP\5.1.0\HikariCP-5.1.0.jar;C:\Users\LENOVO\.m2\repository\org\springframework\spring-jdbc\6.1.11\spring-jdbc-6.1.11.jar;C:\Users\LENOVO\.m2\repository\org\hibernate\orm\hibernate-core\6.5.2.Final\hibernate-core-6.5.2.Final.jar;C:\Users\LENOVO\.m2\repository\jakarta\persistence\jakarta.persistence-api\3.1.0\jakarta.persistence-api-3.1.0.jar;C:\Users\LENOVO\.m2\repository\jakarta\transaction\jakarta.transaction-api\2.0.1\jakarta.transaction-api-2.0.1.jar;C:\Users\LENOVO\.m2\repository\org\jboss\logging\jboss-logging\3.5.3.Final\jboss-logging-3.5.3.Final.jar;C:\Users\LENOVO\.m2\repository\org\hibernate\common\hibernate-commons-annotations\6.0.6.Final\hibernate-commons-annotations-6.0.6.Final.jar;C:\Users\LENOVO\.m2\repository\io\smallrye\jandex\3.1.2\jandex-3.1.2.jar;C:\Users\LENOVO\.m2\repository\com\fasterxml\classmate\1.7.0\classmate-1.7.0.jar;C:\Users\LENOVO\.m2\repository\net\bytebuddy\byte-buddy\1.14.18\byte-buddy-1.14.18.jar;C:\Users\LENOVO\.m2\repository\org\glassfish\jaxb\jaxb-runtime\4.0.5\jaxb-runtime-4.0.5.jar;C:\Users\LENOVO\.m2\repository\org\glassfish\jaxb\jaxb-core\4.0.5\jaxb-core-4.0.5.jar;C:\Users\LENOVO\.m2\repository\org\eclipse\angus\angus-activation\2.0.2\angus-activation-2.0.2.jar;C:\Users\LENOVO\.m2\repository\org\glassfish\jaxb\txw2\4.0.5\txw2-4.0.5.jar;C:\Users\LENOVO\.m2\repository\com\sun\istack\istack-commons-runtime\4.1.2\istack-commons-runtime-4.1.2.jar;C:\Users\LENOVO\.m2\repository\jakarta\inject\jakarta.inject-api\2.0.1\jakarta.inject-api-2.0.1.jar;C:\Users\LENOVO\.m2\repository\org\antlr\antlr4-runtime\4.13.0\antlr4-runtime-4.13.0.jar;C:\Users\LENOVO\.m2\repository\org\springframework\data\spring-data-jpa\3.3.2\spring-data-jpa-3.3.2.jar;C:\Users\LENOVO\.m2\repository\org\springframework\data\spring-data-commons\3.3.2\spring-data-commons-3.3.2.jar;C:\Users\LENOVO\.m2\repository\org\springframework\spring-orm\6.1.11\spring-orm-6.1.11.jar;C:\Users\LENOVO\.m2\repository\org\springframework\spring-context\6.1.11\spring-context-6.1.11.jar;C:\Users\LENOVO\.m2\repository\org\springframework\spring-tx\6.1.11\spring-tx-6.1.11.jar;C:\Users\LENOVO\.m2\repository\org\springframework\spring-beans\6.1.11\spring-beans-6.1.11.jar;C:\Users\LENOVO\.m2\repository\jakarta\annotation\jakarta.annotation-api\2.1.1\jakarta.annotation-api-2.1.1.jar;C:\Users\LENOVO\.m2\repository\org\slf4j\slf4j-api\2.0.13\slf4j-api-2.0.13.jar;C:\Users\LENOVO\.m2\repository\org\springframework\spring-aspects\6.1.11\spring-aspects-6.1.11.jar;C:\Users\LENOVO\.m2\repository\org\springframework\boot\spring-boot-starter-web\3.3.2\spring-boot-starter-web-3.3.2.jar;C:\Users\LENOVO\.m2\repository\org\springframework\boot\spring-boot-starter\3.3.2\spring-boot-starter-3.3.2.jar;C:\Users\LENOVO\.m2\repository\org\springframework\boot\spring-boot\3.3.2\spring-boot-3.3.2.jar;C:\Users\LENOVO\.m2\repository\org\springframework\boot\spring-boot-autoconfigure\3.3.2\spring-boot-autoconfigure-3.3.2.jar;C:\Users\LENOVO\.m2\repository\org\springframework\boot\spring-boot-starter-logging\3.3.2\spring-boot-starter-logging-3.3.2.jar;C:\Users\LENOVO\.m2\repository\ch\qos\logback\logback-classic\1.5.6\logback-classic-1.5.6.jar;C:\Users\LENOVO\.m2\repository\ch\qos\logback\logback-core\1.5.6\logback-core-1.5.6.jar;C:\Users\LENOVO\.m2\repository\org\apache\logging\log4j\log4j-to-slf4j\2.23.1\log4j-to-slf4j-2.23.1.jar;C:\Users\LENOVO\.m2\repository\org\apache\logging\log4j\log4j-api\2.23.1\log4j-api-2.23.1.jar;C:\Users\LENOVO\.m2\repository\org\slf4j\jul-to-slf4j\2.0.13\jul-to-slf4j-2.0.13.jar;C:\Users\LENOVO\.m2\repository\org\yaml\snakeyaml\2.2\snakeyaml-2.2.jar;C:\Users\LENOVO\.m2\repository\org\springframework\boot\spring-boot-starter-json\3.3.2\spring-boot-starter-json-3.3.2.jar;C:\Users\LENOVO\.m2\repository\com\fasterxml\jackson\core\jackson-databind\2.17.2\jackson-databind-2.17.2.jar;C:\Users\LENOVO\.m2\repository\com\fasterxml\jackson\core\jackson-annotations\2.17.2\jackson-annotations-2.17.2.jar;C:\Users\LENOVO\.m2\repository\com\fasterxml\jackson\datatype\jackson-datatype-jdk8\2.17.2\jackson-datatype-jdk8-2.17.2.jar;C:\Users\LENOVO\.m2\repository\com\fasterxml\jackson\datatype\jackson-datatype-jsr310\2.17.2\jackson-datatype-jsr310-2.17.2.jar;C:\Users\LENOVO\.m2\repository\com\fasterxml\jackson\module\jackson-module-parameter-names\2.17.2\jackson-module-parameter-names-2.17.2.jar;C:\Users\LENOVO\.m2\repository\org\springframework\boot\spring-boot-starter-tomcat\3.3.2\spring-boot-starter-tomcat-3.3.2.jar;C:\Users\LENOVO\.m2\repository\org\apache\tomcat\embed\tomcat-embed-core\10.1.26\tomcat-embed-core-10.1.26.jar;C:\Users\LENOVO\.m2\repository\org\apache\tomcat\embed\tomcat-embed-el\10.1.26\tomcat-embed-el-10.1.26.jar;C:\Users\LENOVO\.m2\repository\org\apache\tomcat\embed\tomcat-embed-websocket\10.1.26\tomcat-embed-websocket-10.1.26.jar;C:\Users\LENOVO\.m2\repository\org\springframework\spring-web\6.1.11\spring-web-6.1.11.jar;C:\Users\LENOVO\.m2\repository\io\micrometer\micrometer-observation\1.13.2\micrometer-observation-1.13.2.jar;C:\Users\LENOVO\.m2\repository\io\micrometer\micrometer-commons\1.13.2\micrometer-commons-1.13.2.jar;C:\Users\LENOVO\.m2\repository\org\springframework\spring-webmvc\6.1.11\spring-webmvc-6.1.11.jar;C:\Users\LENOVO\.m2\repository\org\springframework\spring-expression\6.1.11\spring-expression-6.1.11.jar;C:\Users\LENOVO\.m2\repository\com\mysql\mysql-connector-j\8.3.0\mysql-connector-j-8.3.0.jar;C:\Users\LENOVO\.m2\repository\org\projectlombok\lombok\1.18.34\lombok-1.18.34.jar;C:\Users\LENOVO\.m2\repository\jakarta\xml\bind\jakarta.xml.bind-api\4.0.2\jakarta.xml.bind-api-4.0.2.jar;C:\Users\LENOVO\.m2\repository\jakarta\activation\jakarta.activation-api\2.1.3\jakarta.activation-api-2.1.3.jar;C:\Users\LENOVO\.m2\repository\org\springframework\spring-core\6.1.11\spring-core-6.1.11.jar;C:\Users\LENOVO\.m2\repository\org\springframework\spring-jcl\6.1.11\spring-jcl-6.1.11.jar;C:\Users\LENOVO\.m2\repository\org\modelmapper\modelmapper\3.1.1\modelmapper-3.1.1.jar;C:\Users\LENOVO\.m2\repository\org\springdoc\springdoc-openapi-starter-webmvc-ui\2.2.0\springdoc-openapi-starter-webmvc-ui-2.2.0.jar;C:\Users\LENOVO\.m2\repository\org\springdoc\springdoc-openapi-starter-webmvc-api\2.2.0\springdoc-openapi-starter-webmvc-api-2.2.0.jar;C:\Users\LENOVO\.m2\repository\org\springdoc\springdoc-openapi-starter-common\2.2.0\springdoc-openapi-starter-common-2.2.0.jar;C:\Users\LENOVO\.m2\repository\io\swagger\core\v3\swagger-core-jakarta\2.2.15\swagger-core-jakarta-2.2.15.jar;C:\Users\LENOVO\.m2\repository\org\apache\commons\commons-lang3\3.14.0\commons-lang3-3.14.0.jar;C:\Users\LENOVO\.m2\repository\io\swagger\core\v3\swagger-annotations-jakarta\2.2.15\swagger-annotations-jakarta-2.2.15.jar;C:\Users\LENOVO\.m2\repository\io\swagger\core\v3\swagger-models-jakarta\2.2.15\swagger-models-jakarta-2.2.15.jar;C:\Users\LENOVO\.m2\repository\jakarta\validation\jakarta.validation-api\3.0.2\jakarta.validation-api-3.0.2.jar;C:\Users\LENOVO\.m2\repository\com\fasterxml\jackson\dataformat\jackson-dataformat-yaml\2.17.2\jackson-dataformat-yaml-2.17.2.jar;C:\Users\LENOVO\.m2\repository\org\webjars\swagger-ui\5.2.0\swagger-ui-5.2.0.jar;C:\Users\LENOVO\.m2\repository\org\springdoc\springdoc-openapi-ui\1.6.6\springdoc-openapi-ui-1.6.6.jar;C:\Users\LENOVO\.m2\repository\org\springdoc\springdoc-openapi-webmvc-core\1.6.6\springdoc-openapi-webmvc-core-1.6.6.jar;C:\Users\LENOVO\.m2\repository\org\springdoc\springdoc-openapi-common\1.6.6\springdoc-openapi-common-1.6.6.jar;C:\Users\LENOVO\.m2\repository\io\swagger\core\v3\swagger-core\2.1.12\swagger-core-2.1.12.jar;C:\Users\LENOVO\.m2\repository\io\swagger\core\v3\swagger-annotations\2.1.12\swagger-annotations-2.1.12.jar;C:\Users\LENOVO\.m2\repository\io\swagger\core\v3\swagger-models\2.1.12\swagger-models-2.1.12.jar;C:\Users\LENOVO\.m2\repository\org\webjars\webjars-locator-core\0.58\webjars-locator-core-0.58.jar;C:\Users\LENOVO\.m2\repository\com\fasterxml\jackson\core\jackson-core\2.17.2\jackson-core-2.17.2.jar;C:\Users\LENOVO\.m2\repository\io\github\classgraph\classgraph\4.8.138\classgraph-4.8.138.jar;C:\Users\LENOVO\.m2\repository\org\springframework\boot\spring-boot-starter-security\3.3.2\spring-boot-starter-security-3.3.2.jar;C:\Users\LENOVO\.m2\repository\org\springframework\spring-aop\6.1.11\spring-aop-6.1.11.jar;C:\Users\LENOVO\.m2\repository\org\springframework\security\spring-security-config\6.3.1\spring-security-config-6.3.1.jar;C:\Users\LENOVO\.m2\repository\org\springframework\security\spring-security-web\6.3.1\spring-security-web-6.3.1.jar;C:\Users\LENOVO\.m2\repository\org\springframework\security\spring-security-core\6.3.1\spring-security-core-6.3.1.jar;C:\Users\LENOVO\.m2\repository\org\springframework\security\spring-security-crypto\6.3.1\spring-security-crypto-6.3.1.jar
Launcher Type: SUN_STANDARD

[Global flags]
     intx CICompilerCount                          = 4                                         {product} {ergonomic}
     uint ConcGCThreads                            = 2                                         {product} {ergonomic}
     uint G1ConcRefinementThreads                  = 8                                         {product} {ergonomic}
   size_t G1HeapRegionSize                         = 2097152                                   {product} {ergonomic}
    uintx GCDrainStackTargetSize                   = 64                                        {product} {ergonomic}
   size_t InitialHeapSize                          = 264241152                                 {product} {ergonomic}
   size_t MarkStackSize                            = 4194304                                   {product} {ergonomic}
   size_t MaxHeapSize                              = 4221566976                                {product} {ergonomic}
   size_t MaxNewSize                               = 2531262464                                {product} {ergonomic}
   size_t MinHeapDeltaBytes                        = 2097152                                   {product} {ergonomic}
   size_t MinHeapSize                              = 8388608                                   {product} {ergonomic}
    uintx NonNMethodCodeHeapSize                   = 5839372                                {pd product} {ergonomic}
    uintx NonProfiledCodeHeapSize                  = 122909434                              {pd product} {ergonomic}
    uintx ProfiledCodeHeapSize                     = 122909434                              {pd product} {ergonomic}
    uintx ReservedCodeCacheSize                    = 251658240                              {pd product} {ergonomic}
     bool SegmentedCodeCache                       = true                                      {product} {ergonomic}
   size_t SoftMaxHeapSize                          = 4221566976                             {manageable} {ergonomic}
     bool UseCompressedOops                        = true                           {product lp64_product} {ergonomic}
     bool UseG1GC                                  = true                                      {product} {ergonomic}
     bool UseLargePagesIndividualAllocation        = false                                  {pd product} {ergonomic}

Logging:
Log output configuration:
 #0: stdout all=warning uptime,level,tags foldmultilines=false
 #1: stderr all=off uptime,level,tags foldmultilines=false

Environment Variables:
PATH=C:\Program Files\Common Files\Oracle\Java\javapath;C:\Windows\system32;C:\Windows;C:\Windows\System32\Wbem;C:\Windows\System32\WindowsPowerShell\v1.0\;C:\Windows\System32\OpenSSH\;C:\Program Files\Docker\Docker\resources\bin;C:\Program Files\Git\cmd;C:\xampp\php;C:\composer;C:\Program Files\nodejs\;C:\Users\LENOVO\AppData\Local\Programs\Python\Python312\Scripts\;C:\Users\LENOVO\AppData\Local\Programs\Python\Python312\;C:\Users\LENOVO\AppData\Local\Microsoft\WindowsApps;C:\Program Files\JetBrains\IntelliJ IDEA Community Edition 2023.3.3\bin;;C:\Users\LENOVO\AppData\Local\GitHubDesktop\bin;C:\Users\LENOVO\AppData\Local\Programs\Microsoft VS Code\bin;C:\Users\LENOVO\AppData\Roaming\Composer\vendor\bin;C:\Users\LENOVO\AppData\Roaming\npm
USERNAME=LENOVO
OS=Windows_NT
PROCESSOR_IDENTIFIER=Intel64 Family 6 Model 142 Stepping 12, GenuineIntel
TMP=C:\Users\LENOVO\AppData\Local\Temp
TEMP=C:\Users\LENOVO\AppData\Local\Temp




Periodic native trim disabled

---------------  S Y S T E M  ---------------

OS:
 Windows 11 , 64 bit Build 22621 (10.0.22621.3958)
OS uptime: 1 days 20:46 hours
Hyper-V role detected

CPU: total 8 (initial active 8) (4 cores per cpu, 2 threads per core) family 6 model 142 stepping 12 microcode 0xde, cx8, cmov, fxsr, ht, mmx, 3dnowpref, sse, sse2, sse3, ssse3, sse4.1, sse4.2, popcnt, lzcnt, tsc, tscinvbit, avx, avx2, aes, erms, clmul, bmi1, bmi2, adx, fma, vzeroupper, clflush, clflushopt, hv, rdtscp, f16c
Processor Information for all 8 processors :
  Max Mhz: 2304, Current Mhz: 1803, Mhz Limit: 1797

Memory: 4k page, system-wide physical 16103M (4607M free)
TotalPageFile size 23015M (AvailPageFile size 6965M)
current process WorkingSet (physical memory assigned to process): 310M, peak: 311M
current process commit charge ("private bytes"): 348M, peak: 399M

vm_info: OpenJDK 64-Bit Server VM (21.0.2+13-58) for windows-amd64 JRE (21.0.2+13-58), built on 2024-01-05T18:32:24Z by "mach5one" with MS VC++ 17.1 (VS2022)

END.
